This is TeX, Version 3.14159 (Web2C 7.3.1) (format=latex 2002.10.25)  30 OCT 2002 23:02
**./images.tex
(./images.tex
LaTeX2e <1999/12/01> patch level 1
Babel <v3.6Z> and hyphenation patterns for american, french, german, ngerman, n
ohyphenation, loaded.

(/usr/local/share/texmf/tex/latex/base/article.cls
Document Class: article 1999/09/10 v1.4a Standard LaTeX document class
(/usr/local/share/texmf/tex/latex/base/leqno.clo
File: leqno.clo 1998/08/17 v1.1c Standard LaTeX option (left equation numbers)
) (/usr/local/share/texmf/tex/latex/base/size12.clo
File: size12.clo 1999/09/10 v1.4a Standard LaTeX file (size option)
)
\c@part=\count79
\c@section=\count80
\c@subsection=\count81
\c@subsubsection=\count82
\c@paragraph=\count83
\c@subparagraph=\count84
\c@figure=\count85
\c@table=\count86
\abovecaptionskip=\skip41
\belowcaptionskip=\skip42
\bibindent=\dimen102
) (/usr/local/share/texmf/tex/latex/base/ifthen.sty
Package: ifthen 1999/09/10 v1.1b Standard LaTeX ifthen package (DPC)
) (/usr/local/share/texmf/tex/latex/amsmath/amsmath.sty
Package: amsmath 2000/01/15 v2.05 AMS math features
\@mathmargin=\skip43
For additional information on amsmath, use the `?' option.
(/usr/local/share/texmf/tex/latex/amsmath/amstext.sty
Package: amstext 1999/11/15 v2.0
(/usr/local/share/texmf/tex/latex/amsmath/amsgen.sty
File: amsgen.sty 1999/11/30 v2.0
\@emptytoks=\toks14
\ex@=\dimen103
)) (/usr/local/share/texmf/tex/latex/amsmath/amsbsy.sty
Package: amsbsy 1999/11/29 v1.2d
\pmbraise@=\dimen104
) (/usr/local/share/texmf/tex/latex/amsmath/amsopn.sty
Package: amsopn 1999/12/14 v2.01 operator names
)
\inf@bad=\count87
LaTeX Info: Redefining \frac on input line 198.
\uproot@=\count88
\leftroot@=\count89
LaTeX Info: Redefining \overline on input line 302.
\classnum@=\count90
\DOTSCASE@=\count91
LaTeX Info: Redefining \ldots on input line 376.
LaTeX Info: Redefining \dots on input line 379.
LaTeX Info: Redefining \cdots on input line 464.
\Mathstrutbox@=\box26
\strutbox@=\box27
\big@size=\dimen105
LaTeX Font Info:    Redeclaring font encoding OML on input line 563.
LaTeX Font Info:    Redeclaring font encoding OMS on input line 564.
\macc@skew=\dimen106
\c@MaxMatrixCols=\count92
\dotsspace@=\muskip10
\c@parentequation=\count93
\dspbrk@lvl=\count94
\tag@help=\toks15
\row@=\count95
\column@=\count96
\maxfields@=\count97
\andhelp@=\toks16
\eqnshift@=\dimen107
\alignsep@=\dimen108
\tagshift@=\dimen109
\tagwidth@=\dimen110
\totwidth@=\dimen111
\lineht@=\dimen112
\@envbody=\toks17
\multlinegap=\skip44
\multlinetaggap=\skip45
LaTeX Info: Redefining \[ on input line 2594.
LaTeX Info: Redefining \] on input line 2595.
) (/usr/local/share/texmf/tex/latex/amsfonts/amssymb.sty
Package: amssymb 1996/11/03 v2.2b
(/usr/local/share/texmf/tex/latex/amsfonts/amsfonts.sty
Package: amsfonts 1997/09/17 v2.2e
\symAMSa=\mathgroup4
\symAMSb=\mathgroup5
LaTeX Font Info:    Overwriting math alphabet `\mathfrak' in version `bold'
(Font)                  U/euf/m/n --> U/euf/b/n on input line 133.
)) (/usr/local/share/texmf/tex/latex/graphics/color.sty
Package: color 1999/02/16 v1.0i Standard LaTeX Color (DPC)
(/usr/local/share/texmf/tex/latex/config/color.cfg)
Package color Info: Driver file: dvips.def on input line 125.
(/usr/local/share/texmf/tex/latex/graphics/dvips.def
File: dvips.def 1999/02/16 v3.0i Driver-dependant file (DPC,SPQR)
) (/usr/local/share/texmf/tex/latex/graphics/dvipsnam.def
File: dvipsnam.def 1999/02/16 v3.0i Driver-dependant file (DPC,SPQR)
)) (/usr/local/share/texmf/tex/latex/base/inputenc.sty
Package: inputenc 1999/09/17 v0.992 Input encoding file 
(/usr/local/share/texmf/tex/latex/base/latin1.def
File: latin1.def 1999/09/17 v0.992 Input encoding file 
))
\sizebox=\box28
\lthtmlwrite=\write3
(images.aux)
\openout1 = `images.aux'.

LaTeX Font Info:    Checking defaults for OML/cmm/m/it on input line 131.
LaTeX Font Info:    ... okay on input line 131.
LaTeX Font Info:    Checking defaults for T1/cmr/m/n on input line 131.
LaTeX Font Info:    ... okay on input line 131.
LaTeX Font Info:    Checking defaults for OT1/cmr/m/n on input line 131.
LaTeX Font Info:    ... okay on input line 131.
LaTeX Font Info:    Checking defaults for OMS/cmsy/m/n on input line 131.
LaTeX Font Info:    ... okay on input line 131.
LaTeX Font Info:    Checking defaults for OMX/cmex/m/n on input line 131.
LaTeX Font Info:    ... okay on input line 131.
LaTeX Font Info:    Checking defaults for U/cmr/m/n on input line 131.
LaTeX Font Info:    ... okay on input line 131.

latex2htmlLength hsize=349.0pt

latex2htmlLength vsize=632.5pt

latex2htmlLength hoffset=0.0pt

latex2htmlLength voffset=0.0pt

latex2htmlLength topmargin=0.0pt

latex2htmlLength topskip=0.00003pt

latex2htmlLength headheight=0.0pt

latex2htmlLength headsep=0.0pt

latex2htmlLength parskip=0.0pt plus 1.0pt

latex2htmlLength oddsidemargin=39.0pt

latex2htmlLength evensidemargin=39.0pt

\c@defin=\count98
LaTeX Font Info:    Try loading font information for U+msa on input line 187.
(/usr/local/share/texmf/tex/latex/amsfonts/umsa.fd
File: umsa.fd 1995/01/05 v2.2e AMS font definitions
)
LaTeX Font Info:    Try loading font information for U+msb on input line 187.
(/usr/local/share/texmf/tex/latex/amsfonts/umsb.fd
File: umsb.fd 1995/01/05 v2.2e AMS font definitions
)
l2hSize :tex2html_wrap_inline4228:8.2pt::0.0pt::9.85577pt.
[1



]
l2hSize :tex2html_wrap_inline4230:8.2pt::0.0pt::7.92912pt.
[2


]
l2hSize :tex2html_wrap_inline4240:8.25pt::8.25pt::7.6569pt.
[3


]

Package amsfonts Warning: Obsolete command \Bbb; \mathbb should be used instead
 on input line 206.

l2hSize :tex2html_wrap_inline4242:8.26666pt::0.0pt::9.25421pt.
[4


]
l2hSize :tex2html_wrap_inline4244:8.2pt::0.0pt::9.07355pt.
[5


]
l2hSize :tex2html_wrap_inline4252:8.19998pt::0.0pt::9.9209pt.
[6


]
l2hSize :tex2html_wrap_inline4256:8.69998pt::8.69998pt::16.99028pt.
[7


]
l2hSize :tex2html_wrap_inline4262:8.26666pt::0.0pt::8.58754pt.
[8


]
l2hSize :tex2html_wrap_inline4266:8.26666pt::0.0pt::9.25421pt.
[9


]
l2hSize :tex2html_wrap_inline4268:8.2pt::0.0pt::9.39577pt.
[10


]
l2hSize :tex2html_wrap_inline4272:8.25pt::8.25pt::13.32922pt.
[11


]
l2hSize :tex2html_wrap_inline4274:8.25pt::8.25pt::56.16495pt.
[12


]
l2hSize :tex2html_wrap_inline4276:8.83331pt::8.83331pt::7.66039pt.
[13


]
l2hSize :tex2html_wrap_inline4280:10.16673pt::10.16673pt::74.48381pt.
[14


]
l2hSize :tex2html_wrap_inline4282:9.5pt::9.5pt::31.7677pt.
[15


]
l2hSize :tex2html_wrap_inline4286:9.5pt::9.5pt::35.98906pt.
[16


]
l2hSize :tex2html_wrap_inline4288:9.5pt::9.5pt::30.06297pt.
[17


]
l2hSize :tex2html_wrap_inline4294:9.5pt::9.5pt::31.61533pt.
[18


]
l2hSize :tex2html_wrap_inline4298:9.5pt::9.5pt::31.96219pt.
[19


]
l2hSize :tex2html_wrap_inline4302:8.2pt::0.0pt::9.07355pt.
[20


]
l2hSize :tex2html_wrap_inline4306:9.5pt::9.5pt::30.8331pt.
[21


]
l2hSize :tex2html_wrap_inline4310:9.5pt::9.5pt::35.48915pt.
[22


]
l2hSize :tex2html_wrap_inline4314:8.7pt::8.7pt::56.31906pt.
[23


]
l2hSize :tex2html_wrap_inline4320:8.2pt::0.0pt::9.10619pt.
[24


]
l2hSize :tex2html_wrap_inline4322:7.75pt::0.0pt::5.6444pt.
[25


]
l2hSize :tex2html_wrap_inline4324:8.7pt::8.7pt::28.76537pt.
[26


]
l2hSize :tex2html_wrap_indisplay4326:9.5pt::9.5pt::47.36443pt.
[27


]
l2hSize :tex2html_wrap_inline4333:9.5pt::9.5pt::52.56906pt.
[28


]
l2hSize :tex2html_wrap_inline4335:9.5pt::9.5pt::60.98836pt.
[29


]
l2hSize :tex2html_wrap_inline4337:8.7pt::8.7pt::32.54837pt.
[30


]
l2hSize :tex2html_wrap_inline4339:9.5pt::9.5pt::58.96977pt.
[31


]
l2hSize :tex2html_wrap_inline4345:9.5pt::9.5pt::52.84435pt.
[32


]
l2hSize :tex2html_wrap_inline4347:8.25pt::8.25pt::32.18187pt.
[33


]
l2hSize :tex2html_wrap_indisplay4351:16.83347pt::16.83347pt::149.85793pt.
[34


]
l2hSize :tex2html_wrap_indisplay4359:9.5pt::9.5pt::122.03546pt.
[35


]
l2hSize :tex2html_wrap_inline4363:8.7pt::8.7pt::11.04375pt.
[36


]
l2hSize :tex2html_wrap_indisplay4367:9.5pt::9.5pt::115.52037pt.
[37


]
l2hSize :tex2html_wrap_inline4371:9.5pt::9.5pt::39.2524pt.
[38


]
l2hSize :tex2html_wrap_indisplay4373:9.5pt::9.5pt::106.13443pt.
[39


]
l2hSize :tex2html_wrap_indisplay4377:9.5pt::9.5pt::144.63673pt.
[40


]
l2hSize :tex2html_wrap_inline4379:9.5pt::9.5pt::64.56436pt.
[41


]
l2hSize :tex2html_wrap_inline4388:9.5pt::9.5pt::60.36621pt.
[42


]
l2hSize :tex2html_wrap_inline4394:8.2pt::0.0pt::9.85576pt.
[43


]
l2hSize :tex2html_wrap_indisplay4398:17.90015pt::17.90015pt::339.59119pt.
[44


]
l2hSize :tex2html_wrap_inline4400:10.16673pt::10.16673pt::77.33647pt.
[45


]
l2hSize :tex2html_wrap_inline4415:9.5pt::9.5pt::36.04219pt.
[46


]
l2hSize :tex2html_wrap_indisplay4419:9.5pt::9.5pt::63.85023pt.
[47


]
l2hSize :tex2html_wrap_inline4423:9.5pt::9.5pt::96.47696pt.
[48


]
l2hSize :tex2html_wrap_inline4425:9.5pt::9.5pt::120.06853pt.
[49


]
l2hSize :tex2html_wrap_inline4427:8.7pt::8.7pt::14.60583pt.
[50


]
l2hSize :tex2html_wrap_inline4429:8.7pt::8.7pt::14.60583pt.
[51


]
l2hSize :tex2html_wrap_inline4431:8.83331pt::8.83331pt::68.09186pt.
[52


]
l2hSize :tex2html_wrap_inline4435:9.5pt::9.5pt::36.36539pt.
[53


]
l2hSize :tex2html_wrap_inline4439:8.83331pt::8.83331pt::7.5416pt.
[54


]
l2hSize :tex2html_wrap_inline4441:9.5pt::9.5pt::98.7271pt.
[55


]
l2hSize :tex2html_wrap_inline4443:8.7pt::8.7pt::39.414pt.
[56


]
l2hSize :tex2html_wrap_inline4445:9.5pt::9.5pt::115.83917pt.
[57


]
l2hSize :tex2html_wrap_inline4447:9.5pt::9.5pt::58.10135pt.
[58


]
l2hSize :tex2html_wrap_inline4449:7.75pt::0.0pt::27.32469pt.
[59


]
l2hSize :tex2html_wrap_inline4451:8.2pt::0.0pt::31.53606pt.
[60


]
l2hSize :tex2html_wrap_indisplay4464:9.5pt::9.5pt::57.74046pt.
[61


]
l2hSize :tex2html_wrap_inline4468:8.25pt::8.25pt::29.3372pt.
[62


]
l2hSize :tex2html_wrap_inline4470:8.2pt::0.0pt::6.71318pt.
[63


]
l2hSize :tex2html_wrap_inline4472:10.01027pt::10.01027pt::31.739pt.
[64


]
l2hSize :tex2html_wrap_indisplay4474:17.4112pt::17.4112pt::171.15298pt.
[65


]
l2hSize :tex2html_wrap_inline4476:9.5pt::9.5pt::24.75606pt.
[66


]
l2hSize :tex2html_wrap_indisplay4482:10.61026pt::10.61026pt::179.72464pt.
[67


]
l2hSize :tex2html_wrap_inline4484:9.5pt::9.5pt::29.95914pt.
[68


]
l2hSize :tex2html_wrap_inline4486:9.5pt::9.5pt::24.21574pt.
[69


]
l2hSize :tex2html_wrap_inline4488:8.25pt::8.25pt::13.2168pt.
[70


]
l2hSize :tex2html_wrap_indisplay4503:18.30008pt::18.30008pt::259.8748pt.
[71


]
l2hSize :tex2html_wrap_inline4505:8.7pt::8.7pt::31.85397pt.
[72


]
l2hSize :tex2html_wrap_indisplay4507:14.3001pt::14.3001pt::263.34286pt.
[73


]
l2hSize :tex2html_wrap_inline4516:8.19998pt::0.0pt::10.17325pt.
[74


]
l2hSize :tex2html_wrap_inline4518:8.7pt::8.7pt::35.37062pt.
[75


]
l2hSize :tex2html_wrap_inline4520:8.7pt::8.7pt::28.47064pt.
[76


]
l2hSize :tex2html_wrap_inline4522:8.2pt::0.0pt::13.3124pt.
[77


]
l2hSize :tex2html_wrap_inline4524:8.7pt::8.7pt::62.56754pt.
[78


]
l2hSize :tex2html_wrap_inline4543:9.5pt::9.5pt::33.05261pt.
[79


]
l2hSize :tex2html_wrap_inline4549:8.76666pt::8.76666pt::30.08878pt.
[80


]
l2hSize :tex2html_wrap_inline4553:8.83331pt::8.83331pt::57.1788pt.
[81


]
l2hSize :tex2html_wrap_inline4555:10.01027pt::10.01027pt::84.15231pt.
[82


]
l2hSize :tex2html_wrap_inline4559:9.51027pt::0.0pt::37.15123pt.
[83


]
l2hSize :tex2html_wrap_inline4561:10.01027pt::10.01027pt::110.99086pt.
[84


]
l2hSize :tex2html_wrap_inline4563:8.2pt::0.0pt::8.51245pt.
[85


]
l2hSize :tex2html_wrap_inline4567:9.51027pt::0.0pt::14.00427pt.
[86


]
l2hSize :tex2html_wrap_inline4569:10.01027pt::10.01027pt::42.72906pt.
[87


]
l2hSize :tex2html_wrap_inline4571:8.7pt::8.7pt::59.63422pt.
[88


]
l2hSize :tex2html_wrap_inline4590:7.75pt::0.0pt::7.14996pt.
[89


]
l2hSize :tex2html_wrap_indisplay4594:9.5pt::9.5pt::82.12906pt.
[90


]
l2hSize :tex2html_wrap_inline4598:10.01027pt::10.01027pt::33.10567pt.
[91


]
l2hSize :tex2html_wrap_inline4602:9.5pt::9.5pt::69.28291pt.
[92


]
l2hSize :tex2html_wrap_indisplay4604:10.61026pt::10.61026pt::101.59026pt.
[93


]
l2hSize :tex2html_wrap_inline4611:8.2pt::0.0pt::9.79301pt.
[94


]
l2hSize :tex2html_wrap_inline4615:8.7pt::8.7pt::58.67596pt.
[95


]
l2hSize :tex2html_wrap_inline4617:9.5pt::9.5pt::73.95088pt.
[96


]
l2hSize :tex2html_wrap_inline4619:9.5pt::9.5pt::83.3455pt.
[97


]
l2hSize :tex2html_wrap_inline4630:8.2pt::0.0pt::9.39577pt.
[98


]
l2hSize :tex2html_wrap_inline4632:8.25pt::8.25pt::12.81111pt.
[99


]
l2hSize :tex2html_wrap_inline4634:9.5pt::9.5pt::44.94618pt.
[100


]
l2hSize :tex2html_wrap_inline4638:9.5pt::9.5pt::44.17853pt.
[101


]
l2hSize :tex2html_wrap_inline4642:8.7pt::8.7pt::31.61227pt.
[102


]
l2hSize :tex2html_wrap_inline4644:8.7pt::8.7pt::14.95331pt.
[103


]
l2hSize :tex2html_wrap_inline4648:8.7pt::8.7pt::45.04028pt.
[104


]
l2hSize :tex2html_wrap_inline4650:8.83331pt::8.83331pt::31.24135pt.
[105


]
l2hSize :tex2html_wrap_inline4652:9.5pt::9.5pt::146.12674pt.
[106


]
l2hSize :tex2html_wrap_inline4656:9.5pt::9.5pt::52.3658pt.
[107


]
l2hSize :tex2html_wrap_inline4658:9.5pt::9.5pt::95.70685pt.
[108


]
l2hSize :tex2html_wrap_inline4660:9.5pt::9.5pt::52.3658pt.
[109


]
l2hSize :tex2html_wrap_inline4662:9.5pt::9.5pt::117.44286pt.
[110


]
l2hSize :tex2html_wrap_inline4666:9.5pt::9.5pt::52.80025pt.
[111


]
l2hSize :tex2html_wrap_inline4670:8.7pt::8.7pt::20.46922pt.
[112


]
l2hSize :tex2html_wrap_inline4676:8.83333pt::8.83333pt::36.1664pt.
[113


]
l2hSize :tex2html_wrap_indisplay4679:9.5pt::9.5pt::102.8648pt.
[114


]
l2hSize :tex2html_wrap_indisplay4681:8.25pt::8.25pt::9.72632pt.
[115


]
l2hSize :tex2html_wrap_indisplay4683:9.5pt::9.5pt::145.76584pt.
[116


]
l2hSize :tex2html_wrap_indisplay4687:9.5pt::9.5pt::123.78674pt.
[117


]
l2hSize :tex2html_wrap_inline4689:8.25pt::8.25pt::36.1664pt.
[118


]
l2hSize :tex2html_wrap_indisplay4691:9.5pt::9.5pt::165.47217pt.
[119


]
l2hSize :tex2html_wrap_inline4697:9.5pt::9.5pt::51.62013pt.
[120


]
l2hSize :tex2html_wrap_inline4701:10.5999pt::0.0pt::9.39577pt.
[121


]
l2hSize :tex2html_wrap_inline4703:8.2pt::0.0pt::14.14583pt.
[122


]
l2hSize :tex2html_wrap_inline4724:9.5pt::9.5pt::55.26488pt.
[123


]
l2hSize :tex2html_wrap_inline4726:9.5pt::9.5pt::66.5982pt.
[124


]
l2hSize :tex2html_wrap_inline4734:8.76666pt::8.76666pt::38.72726pt.
[125


]
l2hSize :tex2html_wrap_inline4736:8.2pt::0.0pt::10.37909pt.
[126


]
l2hSize :tex2html_wrap_inline4738:7.75pt::0.0pt::6.75551pt.
[127


]
l2hSize :tex2html_wrap_inline4742:9.5pt::9.5pt::24.0921pt.
[128


]
l2hSize :tex2html_wrap_indisplay4748:17.4112pt::17.4112pt::68.70999pt.
[129


]
l2hSize :tex2html_wrap_inline4750:8.7pt::8.7pt::46.38959pt.
[130


]
l2hSize :tex2html_wrap_inline4752:8.83331pt::8.83331pt::31.24135pt.
[131


]
l2hSize :tex2html_wrap_inline4756:8.25pt::8.25pt::36.1664pt.
[132


]
l2hSize :tex2html_wrap_inline4758:8.7pt::8.7pt::16.30261pt.
[133


]
l2hSize :tex2html_wrap_inline4760:8.7pt::8.7pt::14.67458pt.
[134


]
l2hSize :tex2html_wrap_inline4762:8.83331pt::8.83331pt::31.24135pt.
[135


]
l2hSize :tex2html_wrap_inline4770:9.5pt::9.5pt::42.00166pt.
[136


]
l2hSize :tex2html_wrap_inline4772:8.83331pt::8.83331pt::65.35384pt.
[137


]
l2hSize :tex2html_wrap_inline4774:8.83331pt::8.83331pt::8.65688pt.
[138


]
l2hSize :tex2html_wrap_inline4776:9.5pt::9.5pt::58.44284pt.
[139


]
l2hSize :tex2html_wrap_inline4780:11.0999pt::11.0999pt::58.44284pt.
[140


]
l2hSize :tex2html_wrap_inline4784:8.25pt::8.25pt::13.21208pt.
[141


]
l2hSize :tex2html_wrap_inline4786:9.5pt::9.5pt::54.17804pt.
[142


]
l2hSize :tex2html_wrap_inline4790:9.5pt::9.5pt::28.16985pt.
[143


]
l2hSize :tex2html_wrap_inline4792:9.5pt::9.5pt::110.46294pt.
[144


]
l2hSize :tex2html_wrap_inline4811:10.5999pt::0.0pt::9.79301pt.
[145


]
l2hSize :tex2html_wrap_inline4819:8.7pt::8.7pt::19.11992pt.
[146


]
l2hSize :tex2html_wrap_inline4821:9.5pt::9.5pt::139.69775pt.
[147


]
l2hSize :tex2html_wrap_inline4824:8.2pt::0.0pt::9.82106pt.
[148


]
l2hSize :tex2html_wrap_indisplay4827:9.5pt::9.5pt::194.05864pt.
[149


]
l2hSize :tex2html_wrap_inline4831:8.2pt::0.0pt::32.35982pt.
[150


]
l2hSize :tex2html_wrap_inline4833:11.0999pt::11.0999pt::87.40076pt.
[151


]
l2hSize :tex2html_wrap_indisplay4845:10.61026pt::10.61026pt::34.40707pt.
[152


]
l2hSize :tex2html_wrap_indisplay4849:14.3001pt::14.3001pt::190.54765pt.
[153


]
l2hSize :tex2html_wrap_indisplay4851:10.61026pt::10.61026pt::34.40707pt.
[154


]
l2hSize :tex2html_wrap_indisplay4855:14.3001pt::14.3001pt::157.53387pt.
[155


]
l2hSize :tex2html_wrap_indisplay4857:17.90013pt::17.90013pt::332.54216pt.
[156


]
l2hSize :tex2html_wrap_indisplay4859:14.3001pt::14.3001pt::240.17256pt.
[157


]
l2hSize :tex2html_wrap_inline4878:9.5pt::9.5pt::38.65714pt.
[158


]
l2hSize :tex2html_wrap_indisplay4891:18.30008pt::18.30008pt::204.39832pt.
[159


]
l2hSize :tex2html_wrap_inline4899:11.0999pt::11.0999pt::70.56348pt.
[160


]
l2hSize :tex2html_wrap_indisplay4905:9.5pt::9.5pt::77.3694pt.
[161


]
l2hSize :tex2html_wrap_indisplay4907:9.5pt::9.5pt::128.79283pt.
[162


]
l2hSize :tex2html_wrap_inline4913:9.5pt::9.5pt::14.0693pt.
[163


]
l2hSize :tex2html_wrap_inline4919:9.5pt::9.5pt::69.94641pt.
[164


]
l2hSize :tex2html_wrap_indisplay4923:10.61026pt::10.61026pt::165.03151pt.
[165


]
l2hSize :tex2html_wrap_inline4925:10.01027pt::10.01027pt::207.00623pt.
[166


]
l2hSize :tex2html_wrap_inline4929:9.5pt::9.5pt::23.17824pt.
[167


]
l2hSize :tex2html_wrap_indisplay4937:9.5pt::9.5pt::83.80324pt.
[168


]
l2hSize :tex2html_wrap_inline4939:8.2pt::0.0pt::9.98883pt.
[169


]
l2hSize :tex2html_wrap_inline4947:9.5pt::9.5pt::33.07538pt.
[170


]
l2hSize :tex2html_wrap_inline4955:8.7pt::8.7pt::33.33035pt.
[171


]
l2hSize :tex2html_wrap_inline4959:8.25pt::8.25pt::6.64441pt.
[172


]
l2hSize :tex2html_wrap_inline4963:9.5pt::9.5pt::45.68231pt.
[173


]
l2hSize :tex2html_wrap_inline4972:8.2pt::0.0pt::10.11938pt.
[174


]
l2hSize :tex2html_wrap_inline4976:9.5pt::9.5pt::56.71252pt.
[175


]
l2hSize :tex2html_wrap_inline4978:9.5pt::9.5pt::63.2481pt.
[176


]
l2hSize :tex2html_wrap_inline4984:12.33333pt::12.33333pt::29.34068pt.
[177


]
l2hSize :tex2html_wrap_inline4988:9.5pt::9.5pt::62.54666pt.
[178


]
l2hSize :tex2html_wrap_inline4990:7.75pt::0.0pt::7.26456pt.
[179


]
l2hSize :tex2html_wrap_indisplay4994:16.83347pt::16.83347pt::112.19897pt.
[180


]
l2hSize :tex2html_wrap_inline5000:9.16669pt::9.16669pt::29.3372pt.
[181


]
l2hSize :tex2html_wrap_inline5004:9.5pt::9.5pt::62.54318pt.
[182


]
l2hSize :tex2html_wrap_inline5012:9.50008pt::9.50008pt::68.49933pt.
[183


]
l2hSize :tex2html_wrap_indisplay5017:16.83347pt::16.83347pt::98.74773pt.
[184


]
l2hSize :tex2html_wrap_indisplay5021:17.3223pt::17.3223pt::161.10596pt.
[185


]
l2hSize :tex2html_wrap_indisplay5025:17.3223pt::17.3223pt::118.3875pt.
[186


]
l2hSize :tex2html_wrap_inline5027:12.33333pt::12.33333pt::7.66039pt.
[187


]
l2hSize :tex2html_wrap_inline5031:8.25pt::8.25pt::25.04706pt.
[188


]
l2hSize :tex2html_wrap_inline5037:9.5pt::9.5pt::52.59198pt.
[189


]
l2hSize :tex2html_wrap_inline5039:9.5pt::9.5pt::120.4018pt.
[190


]
l2hSize :tex2html_wrap_inline5041:8.83331pt::8.83331pt::26.06303pt.
[191


]
l2hSize :tex2html_wrap_inline5045:13.17781pt::13.17781pt::47.74333pt.
[192


]
l2hSize :tex2html_wrap_indisplay5062:16.83347pt::16.83347pt::95.60182pt.
[193


]
l2hSize :tex2html_wrap_inline5068:9.16669pt::9.16669pt::28.3247pt.
[194


]
l2hSize :tex2html_wrap_inline5070:8.7pt::8.7pt::19.45274pt.
[195


]
l2hSize :tex2html_wrap_inline5072:9.5pt::9.5pt::46.82884pt.
[196


]
l2hSize :tex2html_wrap_inline5074:8.25pt::8.25pt::12.69864pt.
[197


]
l2hSize :tex2html_wrap_inline5076:9.5pt::9.5pt::28.79425pt.
[198


]
l2hSize :tex2html_wrap_inline5082:8.33331pt::0.0pt::7.35135pt.
[199


]
l2hSize :tex2html_wrap_inline5086:12.33333pt::12.33333pt::50.28156pt.
[200


]
l2hSize :tex2html_wrap_inline5088:8.83331pt::8.83331pt::47.43777pt.
[201


]
l2hSize :tex2html_wrap_inline5100:11.83333pt::0.0pt::7.35135pt.
[202


]
l2hSize :tex2html_wrap_inline5106:9.5pt::9.5pt::88.80696pt.
[203


]
l2hSize :tex2html_wrap_inline5108:8.7pt::8.7pt::29.95676pt.
[204


]
l2hSize :tex2html_wrap_inline5110:12.33333pt::12.33333pt::56.36143pt.
[205


]
l2hSize :tex2html_wrap_inline5132:9.51027pt::0.0pt::13.33195pt.
[206


]
l2hSize :tex2html_wrap_inline5134:8.83331pt::8.83331pt::25.75748pt.
[207


]
l2hSize :tex2html_wrap_inline5136:10.01027pt::10.01027pt::53.1694pt.
[208


]
l2hSize :tex2html_wrap_inline5168:11.8999pt::11.8999pt::50.80392pt.
[209


]
l2hSize :tex2html_wrap_inline5172:7.75pt::0.0pt::8.13745pt.
[210


]
l2hSize :tex2html_wrap_inline5176:8.7pt::8.7pt::17.9398pt.
[211


]
l2hSize :tex2html_wrap_inline5182:10.01027pt::10.01027pt::66.89754pt.
[212


]
l2hSize :tex2html_wrap_inline5190:8.7pt::8.7pt::13.7732pt.
[213


]
l2hSize :tex2html_wrap_inline5221:11.8999pt::11.8999pt::28.26517pt.
[214


]
l2hSize :tex2html_wrap_inline5246:9.5pt::9.5pt::50.48265pt.
[215


]
l2hSize :tex2html_wrap_inline5248:10.16673pt::10.16673pt::94.6018pt.
[216


]
l2hSize :tex2html_wrap_inline5250:10.01027pt::10.01027pt::52.46246pt.
[217


]
l2hSize :tex2html_wrap_inline5254:8.7pt::8.7pt::23.10655pt.
[218


]
l2hSize :tex2html_wrap_inline5256:9.5pt::9.5pt::70.33763pt.
[219


]
l2hSize :tex2html_wrap_inline5258:8.83331pt::8.83331pt::53.70267pt.
[220


]
l2hSize :tex2html_wrap_inline5260:11.0999pt::11.0999pt::46.50247pt.
[221


]
l2hSize :tex2html_wrap_inline5262:9.5pt::9.5pt::60.39658pt.
[222


]
l2hSize :tex2html_wrap_inline5266:9.5pt::9.5pt::53.35129pt.
[223


]
l2hSize :tex2html_wrap_indisplay5268:16.83347pt::16.83347pt::204.80353pt.
[224


]
l2hSize :tex2html_wrap_inline5276:10.16673pt::10.16673pt::60.53613pt.
[225


]
l2hSize :tex2html_wrap_inline5280:9.5pt::9.5pt::33.62817pt.
[226


]
l2hSize :tex2html_wrap_inline5282:8.25pt::8.25pt::52.86864pt.
[227


]
l2hSize :tex2html_wrap_inline5284:10.16673pt::10.16673pt::179.61139pt.
[228


]
l2hSize :tex2html_wrap_inline5305:8.7pt::8.7pt::61.75105pt.
[229


]
l2hSize :tex2html_wrap_inline5307:9.5pt::9.5pt::98.13823pt.
[230


]
l2hSize :tex2html_wrap_inline5323:9.5pt::9.5pt::121.68446pt.
[231


]
l2hSize :tex2html_wrap_inline5325:9.5pt::9.5pt::300.29546pt.
[232


]
l2hSize :tex2html_wrap_indisplay5339:16.83347pt::16.83347pt::106.58159pt.
[233


]
l2hSize :tex2html_wrap_indisplay5341:16.83347pt::16.83347pt::122.52615pt.
[234


]
l2hSize :tex2html_wrap_inline5343:9.5pt::9.5pt::52.26918pt.
[235


]
l2hSize :tex2html_wrap_inline5347:12.33333pt::12.33333pt::135.57315pt.
[236


]
l2hSize :tex2html_wrap_inline5349:12.33333pt::12.33333pt::196.99612pt.
[237


]
l2hSize :tex2html_wrap_inline5360:8.7pt::8.7pt::18.43954pt.
[238


]
l2hSize :tex2html_wrap_inline5362:11.0999pt::11.0999pt::61.42468pt.
[239


]
l2hSize :tex2html_wrap_inline5364:11.0999pt::11.0999pt::97.81186pt.
[240


]
l2hSize :tex2html_wrap_inline5368:8.7pt::8.7pt::65.40486pt.
[241


]
l2hSize :tex2html_wrap_inline5370:9.5pt::9.5pt::101.79204pt.
[242


]
l2hSize :tex2html_wrap_inline5374:8.7pt::8.7pt::66.58498pt.
[243


]
l2hSize :tex2html_wrap_inline5376:9.5pt::9.5pt::102.97215pt.
[244


]
l2hSize :tex2html_wrap_inline5380:9.5pt::9.5pt::85.25984pt.
[245


]
l2hSize :tex2html_wrap_inline5382:9.5pt::9.5pt::121.64702pt.
[246


]
l2hSize :tex2html_wrap_inline5399:8.25pt::8.25pt::60.74423pt.
[247


]
l2hSize :tex2html_wrap_inline5401:8.66669pt::0.0pt::7.14996pt.
[248


]
l2hSize :tex2html_wrap_inline5403:8.25pt::8.25pt::112.3759pt.
[249


]
l2hSize :tex2html_wrap_inline5415:12.33333pt::12.33333pt::50.59059pt.
[250


]
l2hSize :tex2html_wrap_inline5417:9.5pt::9.5pt::88.03635pt.
[251


]
l2hSize :tex2html_wrap_inline5425:8.83331pt::8.83331pt::47.23639pt.
[252


]
l2hSize :tex2html_wrap_inline5427:9.5pt::9.5pt::141.30067pt.
[253


]
l2hSize :tex2html_wrap_inline5429:9.5pt::9.5pt::88.36885pt.
[254


]
l2hSize :tex2html_wrap_inline5444:8.2pt::0.0pt::8.743pt.
[255


]
l2hSize :tex2html_wrap_inline5448:8.83331pt::8.83331pt::12.19168pt.
[256


]
l2hSize :tex2html_wrap_inline5450:9.5pt::9.5pt::41.2221pt.
[257


]
l2hSize :tex2html_wrap_inline5456:9.5pt::9.5pt::45.45245pt.
[258


]
l2hSize :tex2html_wrap_inline5458:8.83331pt::8.83331pt::53.47603pt.
[259


]
l2hSize :tex2html_wrap_inline5476:9.5pt::9.5pt::24.33852pt.
[260


]
l2hSize :tex2html_wrap_inline5482:8.83331pt::8.83331pt::62.83223pt.
[261


]
l2hSize :tex2html_wrap_indisplay5488:16.83347pt::16.83347pt::126.05878pt.
[262


]
l2hSize :tex2html_wrap_indisplay5490:16.83347pt::16.83347pt::190.21121pt.
[263


]
l2hSize :tex2html_wrap_indisplay5492:16.83347pt::16.83347pt::186.21127pt.
[264


]
l2hSize :tex2html_wrap_inline5498:8.83331pt::8.83331pt::35.27591pt.
[265


]
l2hSize :tex2html_wrap_inline5500:8.83331pt::8.83331pt::30.59781pt.
[266


]
l2hSize :tex2html_wrap_inline5504:8.83331pt::8.83331pt::12.33849pt.
[267


]
l2hSize :tex2html_wrap_inline5508:8.83331pt::8.83331pt::53.47603pt.
[268


]
l2hSize :tex2html_wrap_inline5510:8.25pt::8.25pt::13.61624pt.
[269


]
l2hSize :tex2html_wrap_inline5512:9.5pt::9.5pt::47.43242pt.
[270


]
l2hSize :tex2html_wrap_indisplay5518:9.50002pt::9.50002pt::47.18175pt.
[271


]
l2hSize :tex2html_wrap_inline5529:8.25pt::8.25pt::61.52289pt.
[272


]
l2hSize :tex2html_wrap_inline5533:8.25pt::8.25pt::60.32845pt.
[273


]
l2hSize :tex2html_wrap_inline5537:9.5pt::9.5pt::133.9634pt.
[274


]
l2hSize :tex2html_wrap_indisplay5549:16.83347pt::16.83347pt::223.46799pt.
[275


]
l2hSize :tex2html_wrap_inline5568:9.5pt::9.5pt::99.2916pt.
[276


]
l2hSize :tex2html_wrap_inline5570:8.7pt::8.7pt::42.40686pt.
[277


]
l2hSize :tex2html_wrap_indisplay5575:9.5pt::9.5pt::37.47916pt.
[278


]
l2hSize :tex2html_wrap_indisplay5579:9.5pt::9.5pt::148.03891pt.
[279


]
l2hSize :tex2html_wrap_indisplay5583:16.83347pt::16.83347pt::104.42494pt.
[280


]
l2hSize :tex2html_wrap_indisplay5587:16.83347pt::16.83347pt::209.20586pt.
[281


]
l2hSize :tex2html_wrap_inline5608:8.83331pt::8.83331pt::14.18565pt.
[282


]
l2hSize :tex2html_wrap_inline5610:8.83331pt::8.83331pt::13.50093pt.
[283


]
l2hSize :tex2html_wrap_inline5624:8.7pt::8.7pt::18.35419pt.
[284


]
l2hSize :tex2html_wrap_inline5630:8.76666pt::8.76666pt::74.27776pt.
[285


]
l2hSize :tex2html_wrap_inline5654:8.7pt::8.7pt::12.67918pt.
[286


]
l2hSize :tex2html_wrap_inline5656:8.7pt::8.7pt::12.67918pt.
[287


]
l2hSize :tex2html_wrap_indisplay5658:8.83331pt::8.83331pt::61.43721pt.
[288


]
l2hSize :tex2html_wrap_inline5664:9.5pt::9.5pt::36.36539pt.
[289


]
l2hSize :tex2html_wrap_inline5666:9.5pt::9.5pt::24.77478pt.
[290


]
l2hSize :tex2html_wrap_indisplay5674:16.83347pt::16.83347pt::233.00476pt.
[291


]
l2hSize :tex2html_wrap_inline5680:9.5pt::9.5pt::124.4703pt.
[292


]
l2hSize :tex2html_wrap_indisplay5686:16.83347pt::16.83347pt::163.72743pt.
[293


]
l2hSize :tex2html_wrap_inline5688:8.83331pt::8.83331pt::30.8268pt.
[294


]
l2hSize :tex2html_wrap_indisplay5692:16.83347pt::16.83347pt::378.63483pt.

Overfull \hbox (33.0198pt too wide) in paragraph at lines 1981--1982
[]|[] 
 []

[295


]
l2hSize :tex2html_wrap_indisplay5698:13.8445pt::13.8445pt::69.80905pt.
[296


]
l2hSize :tex2html_wrap_inline5717:8.7pt::8.7pt::13.02711pt.
[297


]
l2hSize :tex2html_wrap_inline5739:9.5pt::9.5pt::52.59569pt.
[298


]
l2hSize :tex2html_wrap_inline5741:8.7pt::8.7pt::65.25963pt.
[299


]
l2hSize :tex2html_wrap_inline5751:9.5pt::9.5pt::141.52466pt.
[300


]
l2hSize :tex2html_wrap_indisplay5753:9.5pt::9.5pt::86.08633pt.
[301


]
l2hSize :tex2html_wrap_inline5757:10.01027pt::10.01027pt::36.48906pt.
[302


]
l2hSize :tex2html_wrap_inline5763:8.7pt::8.7pt::34.89389pt.
[303


]
l2hSize :tex2html_wrap_inline5765:8.7pt::8.7pt::35.94945pt.
[304


]
l2hSize :tex2html_wrap_indisplay5767:9.5pt::9.5pt::168.33022pt.
[305


]
l2hSize :tex2html_wrap_indisplay5772:9.5pt::9.5pt::87.91414pt.
[306


]
l2hSize :tex2html_wrap_indisplay5776:16.83347pt::16.83347pt::147.2878pt.
[307


]
l2hSize :tex2html_wrap_indisplay5780:9.5pt::9.5pt::148.58968pt.
[308


]
l2hSize :tex2html_wrap_inline5787:13.8445pt::13.8445pt::65.53409pt.
[309


]
l2hSize :tex2html_wrap_inline5789:13.8445pt::13.8445pt::45.94952pt.
[310


]
l2hSize :tex2html_wrap_inline5791:10.01027pt::10.01027pt::63.95695pt.
[311


]
l2hSize :tex2html_wrap_inline5793:9.5pt::9.5pt::191.17009pt.
[312


]
l2hSize :tex2html_wrap_indisplay5797:9.5pt::9.5pt::223.2935pt.
[313


]
l2hSize :tex2html_wrap_inline5801:8.7pt::8.7pt::58.57112pt.
[314


]
l2hSize :tex2html_wrap_inline5803:8.19998pt::0.0pt::7.6059pt.
[315


]
l2hSize :tex2html_wrap_inline5805:10.01027pt::10.01027pt::36.48906pt.
[316


]
l2hSize :tex2html_wrap_indisplay5809:16.36064pt::16.36064pt::144.41687pt.
[317


]
l2hSize :tex2html_wrap_inline5813:8.19998pt::0.0pt::8.75415pt.
[318


]
l2hSize :tex2html_wrap_indisplay5817:9.5pt::9.5pt::176.65594pt.
[319


]
l2hSize :tex2html_wrap_indisplay5826:14.3001pt::14.3001pt::250.64247pt.
[320


]
l2hSize :tex2html_wrap_indisplay5829:10.70006pt::10.70006pt::64.12148pt.
[321


]
l2hSize :tex2html_wrap_indisplay5833:20.91122pt::20.91122pt::154.36427pt.
[322


]
l2hSize :tex2html_wrap_indisplay5837:20.91122pt::20.91122pt::159.91257pt.
[323


]
l2hSize :tex2html_wrap_indisplay5841:20.91122pt::20.91122pt::155.4959pt.
[324


]
l2hSize :tex2html_wrap_indisplay5845:20.91122pt::20.91122pt::93.50356pt.
[325


]
l2hSize :tex2html_wrap_indisplay5849:25.1002pt::25.1002pt::114.50362pt.
[326


]
l2hSize :tex2html_wrap_indisplay5853:14.3001pt::14.3001pt::184.30319pt.
[327


]
l2hSize :tex2html_wrap_inline5866:10.01027pt::10.01027pt::38.42517pt.
[328


]
l2hSize :tex2html_wrap_inline5876:9.5pt::9.5pt::74.39842pt.
[329


]
l2hSize :tex2html_wrap_inline5878:10.01027pt::10.01027pt::90.05684pt.
[330


]
l2hSize :tex2html_wrap_inline5880:9.5pt::9.5pt::55.47078pt.
[331


]
l2hSize :tex2html_wrap_inline5882:8.7pt::8.7pt::33.51543pt.
[332


]
l2hSize :tex2html_wrap_inline5884:9.5pt::9.5pt::65.927pt.
[333


]
l2hSize :tex2html_wrap_inline5888:9.5pt::9.5pt::95.68684pt.
[334


]
l2hSize :tex2html_wrap_indisplay5891:9.5pt::9.5pt::74.00655pt.
[335


]
l2hSize :tex2html_wrap_indisplay5895:16.83347pt::16.83347pt::111.73581pt.
[336


]
l2hSize :tex2html_wrap_indisplay5899:16.83347pt::16.83347pt::99.31322pt.
[337


]
l2hSize :tex2html_wrap_inline5901:9.5pt::9.5pt::25.2852pt.
[338


]
l2hSize :tex2html_wrap_inline5903:9.5pt::9.5pt::38.25871pt.
[339


]
l2hSize :tex2html_wrap_inline5905:9.5pt::9.5pt::127.16397pt.
[340


]
l2hSize :tex2html_wrap_inline5907:9.5pt::9.5pt::154.56827pt.
[341


]
l2hSize :tex2html_wrap_indisplay5909:10.70006pt::10.70006pt::311.66785pt.
[342


]
l2hSize :tex2html_wrap_indisplay5911:14.3001pt::14.3001pt::221.33496pt.
[343


]
l2hSize :tex2html_wrap_inline5913:10.01027pt::10.01027pt::150.5085pt.
[344


]
l2hSize :tex2html_wrap_inline5917:10.01027pt::10.01027pt::99.19563pt.
[345


]
l2hSize :tex2html_wrap_inline5919:8.76666pt::8.76666pt::87.35025pt.
[346


]
l2hSize :tex2html_wrap_inline5921:8.83331pt::8.83331pt::38.06036pt.
[347


]
l2hSize :tex2html_wrap_inline5923:9.5pt::9.5pt::30.25403pt.
[348


]
l2hSize :tex2html_wrap_inline5958:9.5pt::9.5pt::102.77213pt.
[349


]
l2hSize :tex2html_wrap_indisplay5960:9.5pt::9.5pt::196.01035pt.
[350


]
l2hSize :tex2html_wrap_inline5964:9.5pt::9.5pt::79.89038pt.
[351


]
l2hSize :tex2html_wrap_indisplay5966:9.5pt::9.5pt::204.34357pt.
[352


]
l2hSize :tex2html_wrap_inline5970:9.5pt::9.5pt::57.5944pt.
[353


]
l2hSize :tex2html_wrap_indisplay5974:16.83347pt::16.83347pt::305.57266pt.
[354


]
l2hSize :tex2html_wrap_indisplay5986:16.83347pt::16.83347pt::243.87817pt.
[355


]
l2hSize :tex2html_wrap_indisplay5989:9.5pt::9.5pt::61.12447pt.
[356


]
l2hSize :tex2html_wrap_indisplay5993:16.83347pt::16.83347pt::157.87202pt.
[357


]
l2hSize :tex2html_wrap_indisplay5997:16.83347pt::16.83347pt::178.99565pt.
[358


]
l2hSize :tex2html_wrap_indisplay5999:9.5pt::9.5pt::97.61319pt.
[359


]
l2hSize :tex2html_wrap_inline6001:8.2pt::0.0pt::13.36066pt.
[360


]
l2hSize :tex2html_wrap_indisplay6015:9.5pt::9.5pt::103.01016pt.
[361


]
l2hSize :tex2html_wrap_inline6023:8.7pt::8.7pt::33.51543pt.
[362


]
l2hSize :tex2html_wrap_inline6027:9.5pt::9.5pt::123.35393pt.
[363


]
l2hSize :tex2html_wrap_indisplay6031:9.16669pt::9.16669pt::86.57567pt.
[364


]
l2hSize :tex2html_wrap_inline6042:8.7pt::8.7pt::12.91115pt.
[365


]
l2hSize :tex2html_wrap_inline6044:8.7pt::8.7pt::12.91115pt.
[366


]
l2hSize :tex2html_wrap_inline6050:9.5pt::9.5pt::26.9512pt.
[367


]
l2hSize :tex2html_wrap_inline6052:10.01027pt::10.01027pt::60.89658pt.
[368


]
l2hSize :tex2html_wrap_indisplay6054:9.5pt::9.5pt::111.75659pt.
[369


]
l2hSize :tex2html_wrap_indisplay6056:9.5pt::9.5pt::116.61047pt.
[370


]
l2hSize :tex2html_wrap_inline6060:9.16669pt::9.16669pt::7.6569pt.
[371


]
l2hSize :tex2html_wrap_inline6062:11.0999pt::11.0999pt::12.91115pt.
[372


]
l2hSize :tex2html_wrap_inline6064:9.5pt::9.5pt::94.34933pt.
[373


]
l2hSize :tex2html_wrap_inline6066:11.0999pt::11.0999pt::12.91115pt.
[374


]
l2hSize :tex2html_wrap_inline6070:11.0999pt::11.0999pt::68.31502pt.
[375


]
l2hSize :tex2html_wrap_indisplay6072:11.0999pt::11.0999pt::114.89922pt.
[376


]
l2hSize :tex2html_wrap_inline6091:10.01027pt::10.01027pt::60.89658pt.
[377


]
l2hSize :tex2html_wrap_indisplay6093:9.5pt::9.5pt::129.38141pt.
[378


]
l2hSize :tex2html_wrap_inline6102:10.01027pt::10.01027pt::55.54495pt.
[379


]
l2hSize :tex2html_wrap_indisplay6114:9.5pt::9.5pt::130.58372pt.
[380


]
l2hSize :tex2html_wrap_inline6116:9.5pt::9.5pt::100.30867pt.
[381


]
l2hSize :tex2html_wrap_indisplay6118:9.5pt::9.5pt::140.72588pt.
[382


]
l2hSize :tex2html_wrap_indisplay6122:9.5pt::9.5pt::174.39981pt.
[383


]
l2hSize :tex2html_wrap_inline6125:8.25pt::8.25pt::17.78285pt.
[384


]
l2hSize :tex2html_wrap_inline6127:8.83331pt::8.83331pt::12.65236pt.
[385


]
l2hSize :tex2html_wrap_inline6129:9.50002pt::9.50002pt::55.51497pt.
[386


]
l2hSize :tex2html_wrap_inline6131:12.66666pt::12.66666pt::62.76842pt.
[387


]
l2hSize :tex2html_wrap_inline6152:8.83333pt::8.83333pt::59.36456pt.
[388


]
l2hSize :tex2html_wrap_indisplay6154:15.50008pt::15.50008pt::139.85548pt.
[389


]
l2hSize :tex2html_wrap_inline6162:8.25pt::8.25pt::42.30492pt.
[390


]
l2hSize :tex2html_wrap_indisplay6164:21.50018pt::21.50018pt::124.44478pt.
[391


]
l2hSize :tex2html_wrap_inline6168:8.25pt::8.25pt::55.97038pt.
[392


]
l2hSize :tex2html_wrap_indisplay6178:15.50008pt::15.50008pt::123.34355pt.
[393


]
l2hSize :tex2html_wrap_inline6184:8.26666pt::0.0pt::39.31862pt.
[394


]
l2hSize :tex2html_wrap_inline6195:10.01027pt::10.01027pt::56.14651pt.
[395


]
l2hSize :tex2html_wrap_inline6197:9.5pt::9.5pt::39.71953pt.
[396


]
l2hSize :tex2html_wrap_inline6201:9.5pt::9.5pt::62.74419pt.
[397


]
l2hSize :tex2html_wrap_inline6203:8.36708pt::8.36708pt::51.0123pt.
[398


]
l2hSize :tex2html_wrap_inline6205:8.25pt::8.25pt::28.4358pt.
[399


]
l2hSize :tex2html_wrap_indisplay6207:21.50018pt::21.50018pt::130.79037pt.
[400


]
l2hSize :tex2html_wrap_indisplay6209:15.50008pt::15.50008pt::125.95464pt.
[401


]
l2hSize :tex2html_wrap_inline6211:10.01027pt::10.01027pt::34.40707pt.
[402


]
l2hSize :tex2html_wrap_inline6217:9.5pt::9.5pt::88.98286pt.
[403


]
l2hSize :tex2html_wrap_inline6221:9.5pt::9.5pt::32.33646pt.
[404


]
l2hSize :tex2html_wrap_inline6227:9.5pt::9.5pt::35.72298pt.
[405


]
l2hSize :tex2html_wrap_inline6231:8.25pt::8.25pt::17.3787pt.
[406


]
l2hSize :tex2html_wrap_inline6235:8.7pt::8.7pt::14.60583pt.
[407


]
l2hSize :tex2html_wrap_inline6239:10.01027pt::10.01027pt::39.15714pt.
[408


]
l2hSize :tex2html_wrap_inline6257:9.5pt::9.5pt::78.46536pt.
[409


]
l2hSize :tex2html_wrap_inline6259:9.5pt::9.5pt::48.78172pt.
[410


]
l2hSize :tex2html_wrap_inline6263:8.25pt::8.25pt::12.35236pt.
[411


]
l2hSize :tex2html_wrap_inline6269:9.16669pt::9.16669pt::47.18175pt.
[412


]
l2hSize :tex2html_wrap_inline6273:9.16669pt::9.16669pt::46.83315pt.
[413


]
l2hSize :tex2html_wrap_inline6277:8.83331pt::8.83331pt::67.91788pt.
[414


]
l2hSize :tex2html_wrap_inline6281:8.69998pt::8.69998pt::14.42857pt.
[415


]
l2hSize :tex2html_wrap_inline6283:7.75pt::0.0pt::7.69649pt.
[416


]
l2hSize :tex2html_wrap_inline6287:8.7pt::8.7pt::39.0954pt.
[417


]
l2hSize :tex2html_wrap_inline6293:8.69998pt::8.69998pt::52.60277pt.
[418


]
l2hSize :tex2html_wrap_inline6295:8.25pt::8.25pt::40.84006pt.
[419


]
l2hSize :tex2html_wrap_inline6297:10.01027pt::10.01027pt::53.47844pt.
[420


]
l2hSize :tex2html_wrap_inline6303:8.83331pt::8.83331pt::32.02237pt.
[421


]
l2hSize :tex2html_wrap_inline6305:8.25pt::8.25pt::99.37328pt.
[422


]
l2hSize :tex2html_wrap_inline6309:8.69998pt::8.69998pt::19.01881pt.
[423


]
l2hSize :tex2html_wrap_inline6311:9.5pt::9.5pt::144.86786pt.
[424


]
l2hSize :tex2html_wrap_inline6313:8.25pt::8.25pt::55.97038pt.
[425


]
l2hSize :tex2html_wrap_inline6317:8.25pt::8.25pt::6.4847pt.
[426


]
l2hSize :tex2html_wrap_indisplay6319:22.25562pt::22.25562pt::278.25664pt.
[427


]
l2hSize :tex2html_wrap_inline6330:10.01027pt::10.01027pt::100.65996pt.
[428


]
l2hSize :tex2html_wrap_indisplay6334:9.77777pt::9.77777pt::107.61186pt.
[429


]
l2hSize :tex2html_wrap_inline6340:8.7pt::8.7pt::15.81511pt.
[430


]
l2hSize :tex2html_wrap_inline6344:9.5pt::9.5pt::31.55637pt.
[431


]
l2hSize :tex2html_wrap_inline6356:8.7pt::8.7pt::31.19939pt.
[432


]
l2hSize :tex2html_wrap_inline6358:9.5pt::9.5pt::68.93416pt.
[433


]
l2hSize :tex2html_wrap_inline6360:8.7pt::8.7pt::36.64134pt.
[434


]
l2hSize :tex2html_wrap_inline6362:10.01027pt::10.01027pt::40.36641pt.
[435


]
l2hSize :tex2html_wrap_indisplay6368:9.5pt::9.5pt::130.20047pt.
[436


]
l2hSize :tex2html_wrap_inline6370:9.5pt::9.5pt::29.42374pt.
[437


]
l2hSize :tex2html_wrap_inline6374:10.01027pt::10.01027pt::55.13054pt.
[438


]
l2hSize :tex2html_wrap_indisplay6376:17.90015pt::17.90015pt::172.53668pt.
[439


]
l2hSize :tex2html_wrap_indisplay6382:17.90015pt::17.90015pt::269.78644pt.
[440


]
l2hSize :tex2html_wrap_indisplay6393:18.17792pt::18.17792pt::107.1094pt.
[441


]
l2hSize :tex2html_wrap_indisplay6395:8.25pt::8.25pt::9.92088pt.
[442


]
l2hSize :tex2html_wrap_indisplay6397:16.83347pt::16.83347pt::142.90416pt.
[443


]
l2hSize :tex2html_wrap_indisplay6401:16.83347pt::16.83347pt::109.03995pt.
[444


]
l2hSize :tex2html_wrap_inline6403:8.25pt::8.25pt::6.74718pt.
[445


]
l2hSize :tex2html_wrap_inline6405:8.25pt::8.25pt::16.08054pt.
[446


]
l2hSize :tex2html_wrap_inline6411:9.77785pt::9.77785pt::77.09633pt.
[447


]
l2hSize :tex2html_wrap_indisplay6413:20.1445pt::20.1445pt::79.79854pt.
[448


]
l2hSize :tex2html_wrap_indisplay6416:12.93776pt::12.93776pt::72.54816pt.
[449


]
l2hSize :tex2html_wrap_indisplay6420:19.88902pt::19.88902pt::108.21515pt.
[450


]
l2hSize :tex2html_wrap_indisplay6424:19.88902pt::19.88902pt::113.47897pt.
[451


]
l2hSize :tex2html_wrap_inline6426:10.8547pt::10.8547pt::80.2553pt.
[452


]
l2hSize :tex2html_wrap_inline6428:9.5pt::9.5pt::37.26648pt.
[453


]
l2hSize :tex2html_wrap_indisplay6431:19.88904pt::19.88904pt::105.88638pt.
[454


]
l2hSize :tex2html_wrap_indisplay6435:13.44359pt::13.44359pt::85.02022pt.
[455


]
l2hSize :tex2html_wrap_indisplay6439:13.44359pt::13.44359pt::102.3027pt.
[456


]
l2hSize :tex2html_wrap_indisplay6453:21.50018pt::21.50018pt::126.80144pt.
[457


]
l2hSize :tex2html_wrap_inline6455:9.5pt::9.5pt::39.71953pt.
[458


]
l2hSize :tex2html_nomath_inline3617:8.33331pt::0.0pt::3.85138pt.
[459


]
l2hSize :tex2html_wrap_inline6459:9.77785pt::9.77785pt::71.5282pt.
[460


]
l2hSize :tex2html_wrap_inline6461:8.83331pt::8.83331pt::27.92189pt.
[461


]
l2hSize :tex2html_wrap_inline6463:8.33331pt::0.0pt::7.10136pt.
[462


]
l2hSize :tex2html_wrap_inline6465:9.5pt::9.5pt::75.73396pt.
[463


]
l2hSize :tex2html_wrap_inline6471:9.50008pt::9.50008pt::58.31027pt.
[464


]
l2hSize :tex2html_wrap_inline6477:8.25pt::8.25pt::30.0247pt.
[465


]
l2hSize :tex2html_wrap_inline6481:9.5pt::9.5pt::86.83122pt.
[466


]
l2hSize :tex2html_wrap_inline6487:9.50008pt::9.50008pt::101.758pt.
[467


]
l2hSize :tex2html_wrap_inline6495:9.50008pt::9.50008pt::99.72604pt.
[468


]
l2hSize :tex2html_wrap_inline6505:9.50008pt::9.50008pt::222.58713pt.
[469


]
l2hSize :tex2html_wrap_inline6507:9.50008pt::9.50008pt::115.00955pt.
[470


]
l2hSize :tex2html_wrap_inline6513:9.5pt::9.5pt::51.90039pt.
[471


]
l2hSize :tex2html_wrap_inline6515:9.50008pt::9.50008pt::396.86946pt.

Overfull \hbox (51.25444pt too wide) in paragraph at lines 3101--3102
[]|[] 
 []

[472


]
l2hSize :tex2html_wrap_inline6528:8.19998pt::0.0pt::9.9209pt.
[473


]
l2hSize :tex2html_wrap_indisplay6536:8.7pt::8.7pt::78.63861pt.
[474


]
l2hSize :tex2html_wrap_inline6538:8.76666pt::8.76666pt::28.1638pt.
[475


]
l2hSize :tex2html_wrap_inline6572:8.7pt::8.7pt::18.15271pt.
[476


]
l2hSize :tex2html_wrap_inline6582:9.5pt::9.5pt::53.99051pt.
[477


]
l2hSize :tex2html_wrap_inline6584:9.5pt::9.5pt::73.58553pt.
[478


]
l2hSize :tex2html_wrap_inline6603:8.25pt::8.25pt::61.51855pt.
[479


]
l2hSize :tex2html_wrap_inline6609:8.25pt::8.25pt::12.67178pt.
[480


]
l2hSize :tex2html_wrap_inline6611:8.25pt::8.25pt::12.08751pt.
[481


]
l2hSize :tex2html_wrap_inline6617:9.5pt::9.5pt::31.55957pt.
[482


]
l2hSize :tex2html_wrap_inline6650:8.26666pt::0.0pt::34.32782pt.
[483


]
l2hSize :tex2html_wrap_indisplay6699:15.50008pt::15.50008pt::186.1332pt.
[484


]
l2hSize :tex2html_wrap_inline6705:8.25pt::8.25pt::42.81476pt.
[485


]
l2hSize :tex2html_wrap_inline6707:9.5pt::9.5pt::113.86812pt.
[486


]
l2hSize :tex2html_wrap_inline6711:8.7pt::8.7pt::22.5208pt.
[487


]
l2hSize :tex2html_wrap_indisplay6713:9.5pt::9.5pt::161.18425pt.
[488


]
l2hSize :tex2html_wrap_indisplay6719:9.5pt::9.5pt::136.78426pt.
[489


]
l2hSize :tex2html_wrap_indisplay6721:9.5pt::9.5pt::135.60414pt.
[490


]
l2hSize :tex2html_wrap_inline6724:9.91026pt::0.0pt::16.49359pt.
[491


] (images.aux) ) 
Here is how much of TeX's memory you used:
 1618 strings out of 10901
 17963 string characters out of 72379
 61451 words of memory out of 263001
 4571 multiletter control sequences out of 10000+0
 8294 words of font info for 32 fonts, out of 400000 for 1000
 14 hyphenation exceptions out of 1000
 27i,5n,24p,225b,227s stack positions out of 300i,100n,500p,50000b,4000s

Output written on images.dvi (491 pages, 124824 bytes).
