This is TeX, Version 3.14159 (Web2C 7.3.1) (format=latex 2002.10.25)  30 OCT 2002 23:08
**./images.tex
(./images.tex
LaTeX2e <1999/12/01> patch level 1
Babel <v3.6Z> and hyphenation patterns for american, french, german, ngerman, n
ohyphenation, loaded.

(/usr/local/share/texmf/tex/latex/base/article.cls
Document Class: article 1999/09/10 v1.4a Standard LaTeX document class
(/usr/local/share/texmf/tex/latex/base/size12.clo
File: size12.clo 1999/09/10 v1.4a Standard LaTeX file (size option)
)
\c@part=\count79
\c@section=\count80
\c@subsection=\count81
\c@subsubsection=\count82
\c@paragraph=\count83
\c@subparagraph=\count84
\c@figure=\count85
\c@table=\count86
\abovecaptionskip=\skip41
\belowcaptionskip=\skip42
\bibindent=\dimen102
) (/usr/local/share/texmf/tex/latex/base/ifthen.sty
Package: ifthen 1999/09/10 v1.1b Standard LaTeX ifthen package (DPC)
) (/usr/local/share/texmf/tex/latex/amsmath/amsmath.sty
Package: amsmath 2000/01/15 v2.05 AMS math features
\@mathmargin=\skip43
For additional information on amsmath, use the `?' option.
(/usr/local/share/texmf/tex/latex/amsmath/amstext.sty
Package: amstext 1999/11/15 v2.0
(/usr/local/share/texmf/tex/latex/amsmath/amsgen.sty
File: amsgen.sty 1999/11/30 v2.0
\@emptytoks=\toks14
\ex@=\dimen103
)) (/usr/local/share/texmf/tex/latex/amsmath/amsbsy.sty
Package: amsbsy 1999/11/29 v1.2d
\pmbraise@=\dimen104
) (/usr/local/share/texmf/tex/latex/amsmath/amsopn.sty
Package: amsopn 1999/12/14 v2.01 operator names
)
\inf@bad=\count87
LaTeX Info: Redefining \frac on input line 198.
\uproot@=\count88
\leftroot@=\count89
LaTeX Info: Redefining \overline on input line 302.
\classnum@=\count90
\DOTSCASE@=\count91
LaTeX Info: Redefining \ldots on input line 376.
LaTeX Info: Redefining \dots on input line 379.
LaTeX Info: Redefining \cdots on input line 464.
\Mathstrutbox@=\box26
\strutbox@=\box27
\big@size=\dimen105
LaTeX Font Info:    Redeclaring font encoding OML on input line 563.
LaTeX Font Info:    Redeclaring font encoding OMS on input line 564.
\macc@skew=\dimen106
\c@MaxMatrixCols=\count92
\dotsspace@=\muskip10
\c@parentequation=\count93
\dspbrk@lvl=\count94
\tag@help=\toks15
\row@=\count95
\column@=\count96
\maxfields@=\count97
\andhelp@=\toks16
\eqnshift@=\dimen107
\alignsep@=\dimen108
\tagshift@=\dimen109
\tagwidth@=\dimen110
\totwidth@=\dimen111
\lineht@=\dimen112
\@envbody=\toks17
\multlinegap=\skip44
\multlinetaggap=\skip45
LaTeX Info: Redefining \[ on input line 2594.
LaTeX Info: Redefining \] on input line 2595.
) (/usr/local/share/texmf/tex/latex/amsfonts/amssymb.sty
Package: amssymb 1996/11/03 v2.2b
(/usr/local/share/texmf/tex/latex/amsfonts/amsfonts.sty
Package: amsfonts 1997/09/17 v2.2e
\symAMSa=\mathgroup4
\symAMSb=\mathgroup5
LaTeX Font Info:    Overwriting math alphabet `\mathfrak' in version `bold'
(Font)                  U/euf/m/n --> U/euf/b/n on input line 133.
)) (/usr/local/share/texmf/tex/latex/misc/fullpage.sty
Style Option FULLPAGE Version 2 as of 15 Dec 1988
)
\c@defin=\count98
(/usr/local/share/texmf/tex/latex/graphics/color.sty
Package: color 1999/02/16 v1.0i Standard LaTeX Color (DPC)
(/usr/local/share/texmf/tex/latex/config/color.cfg)
Package color Info: Driver file: dvips.def on input line 125.
(/usr/local/share/texmf/tex/latex/graphics/dvips.def
File: dvips.def 1999/02/16 v3.0i Driver-dependant file (DPC,SPQR)
) (/usr/local/share/texmf/tex/latex/graphics/dvipsnam.def
File: dvipsnam.def 1999/02/16 v3.0i Driver-dependant file (DPC,SPQR)
)) (/usr/local/share/texmf/tex/latex/base/inputenc.sty
Package: inputenc 1999/09/17 v0.992 Input encoding file 
(/usr/local/share/texmf/tex/latex/base/latin1.def
File: latin1.def 1999/09/17 v0.992 Input encoding file 
))
\sizebox=\box28
\lthtmlwrite=\write3
(images.aux)
\openout1 = `images.aux'.

LaTeX Font Info:    Checking defaults for OML/cmm/m/it on input line 172.
LaTeX Font Info:    ... okay on input line 172.
LaTeX Font Info:    Checking defaults for T1/cmr/m/n on input line 172.
LaTeX Font Info:    ... okay on input line 172.
LaTeX Font Info:    Checking defaults for OT1/cmr/m/n on input line 172.
LaTeX Font Info:    ... okay on input line 172.
LaTeX Font Info:    Checking defaults for OMS/cmsy/m/n on input line 172.
LaTeX Font Info:    ... okay on input line 172.
LaTeX Font Info:    Checking defaults for OMX/cmex/m/n on input line 172.
LaTeX Font Info:    ... okay on input line 172.
LaTeX Font Info:    Checking defaults for U/cmr/m/n on input line 172.
LaTeX Font Info:    ... okay on input line 172.

latex2htmlLength hsize=349.0pt

latex2htmlLength vsize=673.20255pt

latex2htmlLength hoffset=0.0pt

latex2htmlLength voffset=0.0pt

latex2htmlLength topmargin=0.0pt

latex2htmlLength topskip=0.00003pt

latex2htmlLength headheight=0.0pt

latex2htmlLength headsep=0.0pt

latex2htmlLength parskip=0.0pt plus 1.0pt

latex2htmlLength oddsidemargin=0.0pt

latex2htmlLength evensidemargin=0.0pt

LaTeX Font Info:    Try loading font information for U+msa on input line 199.
(/usr/local/share/texmf/tex/latex/amsfonts/umsa.fd
File: umsa.fd 1995/01/05 v2.2e AMS font definitions
)
LaTeX Font Info:    Try loading font information for U+msb on input line 199.
(/usr/local/share/texmf/tex/latex/amsfonts/umsb.fd
File: umsb.fd 1995/01/05 v2.2e AMS font definitions
)
l2hSize :tex2html_wrap_inline3373:8.2pt::0.0pt::13.36066pt.
[1



]
l2hSize :tex2html_wrap_inline3375:8.2pt::0.0pt::9.85577pt.
[2


]
l2hSize :tex2html_wrap_inline3377:8.2pt::0.0pt::7.92912pt.
[3


]
l2hSize :tex2html_wrap_inline3379:8.26666pt::0.0pt::8.58754pt.
[4


]
l2hSize :tex2html_wrap_inline3381:8.26666pt::0.0pt::9.25421pt.
[5


]
l2hSize :tex2html_wrap_inline3383:8.26666pt::0.0pt::9.25421pt.
[6


]
l2hSize :tex2html_wrap_inline3385:8.2pt::0.0pt::9.39577pt.
[7


]
l2hSize :tex2html_wrap_inline3389:8.25pt::8.25pt::13.32922pt.
[8


]
l2hSize :tex2html_wrap_inline3391:8.25pt::8.25pt::56.16495pt.
[9


]
l2hSize :tex2html_wrap_inline3393:8.83331pt::8.83331pt::7.66039pt.
[10


]
l2hSize :tex2html_wrap_inline3397:10.16673pt::10.16673pt::74.48381pt.
[11


]
l2hSize :tex2html_wrap_inline3399:9.5pt::9.5pt::31.7677pt.
[12


]
l2hSize :tex2html_wrap_inline3403:9.5pt::9.5pt::35.98906pt.
[13


]
l2hSize :tex2html_wrap_inline3407:9.5pt::9.5pt::31.61533pt.
[14


]
l2hSize :tex2html_wrap_inline3409:9.5pt::9.5pt::30.06297pt.
[15


]
l2hSize :tex2html_wrap_inline3413:9.5pt::9.5pt::31.96219pt.
[16


]
l2hSize :tex2html_wrap_inline3415:8.2pt::0.0pt::9.07355pt.
[17


]
l2hSize :tex2html_wrap_inline3417:8.2pt::0.0pt::9.07355pt.
[18


]
l2hSize :tex2html_wrap_inline3421:9.5pt::9.5pt::30.8331pt.
[19


]
l2hSize :tex2html_wrap_inline3425:9.5pt::9.5pt::35.48915pt.
[20


]
l2hSize :tex2html_wrap_inline3427:8.2pt::0.0pt::9.07355pt.
[21


]
l2hSize :tex2html_wrap_inline3429:8.7pt::8.7pt::56.31906pt.
[22


]
l2hSize :tex2html_wrap_inline3435:8.2pt::0.0pt::9.10619pt.
[23


]
l2hSize :tex2html_wrap_inline3437:7.75pt::0.0pt::5.6444pt.
[24


]
l2hSize :tex2html_wrap_inline3439:8.7pt::8.7pt::28.76537pt.
[25


]
l2hSize :tex2html_wrap_indisplay3441:9.5pt::9.5pt::47.36443pt.
[26


]
l2hSize :tex2html_wrap_inline3448:9.5pt::9.5pt::52.56906pt.
[27


]
l2hSize :tex2html_wrap_inline3450:9.5pt::9.5pt::60.98836pt.
[28


]
l2hSize :tex2html_wrap_inline3452:8.7pt::8.7pt::32.54837pt.
[29


]
l2hSize :tex2html_wrap_inline3454:9.5pt::9.5pt::58.96977pt.
[30


]
l2hSize :tex2html_wrap_inline3460:9.5pt::9.5pt::52.84435pt.
[31


]
l2hSize :tex2html_wrap_inline3462:8.25pt::8.25pt::32.18187pt.
[32


]
l2hSize :tex2html_wrap_indisplay3466:16.83347pt::16.83347pt::149.85793pt.
[33


]
l2hSize :tex2html_wrap_indisplay3474:9.5pt::9.5pt::122.03546pt.
[34


]
l2hSize :tex2html_wrap_inline3478:8.7pt::8.7pt::11.04375pt.
[35


]
l2hSize :tex2html_wrap_indisplay3482:9.5pt::9.5pt::115.52037pt.
[36


]
l2hSize :tex2html_wrap_inline3486:9.5pt::9.5pt::39.2524pt.
[37


]
l2hSize :tex2html_wrap_indisplay3488:9.5pt::9.5pt::106.13443pt.
[38


]
l2hSize :tex2html_wrap_indisplay3492:9.5pt::9.5pt::144.63673pt.
[39


]
l2hSize :tex2html_wrap_inline3494:9.5pt::9.5pt::64.56436pt.
[40


]
l2hSize :tex2html_wrap_inline3503:9.5pt::9.5pt::60.36621pt.
[41


]
l2hSize :tex2html_wrap_inline3509:8.2pt::0.0pt::9.85576pt.
[42


]
l2hSize :tex2html_wrap_indisplay3513:17.90015pt::17.90015pt::339.59119pt.
[43


]
l2hSize :tex2html_wrap_inline3515:10.16673pt::10.16673pt::77.33647pt.
[44


]
l2hSize :tex2html_wrap_inline3521:8.2pt::0.0pt::6.71318pt.
[45


]
l2hSize :tex2html_wrap_inline3523:10.01027pt::10.01027pt::31.739pt.
[46


]
l2hSize :tex2html_wrap_indisplay3525:17.4112pt::17.4112pt::171.15298pt.
[47


]
l2hSize :tex2html_wrap_inline3527:9.5pt::9.5pt::24.75606pt.
[48


]
l2hSize :tex2html_wrap_indisplay3533:10.61026pt::10.61026pt::179.72464pt.
[49


]
l2hSize :tex2html_wrap_inline3535:8.25pt::8.25pt::13.2168pt.
[50


]
l2hSize :tex2html_wrap_inline3537:9.5pt::9.5pt::24.21574pt.
[51


]
l2hSize :tex2html_wrap_indisplay3550:18.30008pt::18.30008pt::259.8748pt.
[52


]
l2hSize :tex2html_wrap_inline3552:8.7pt::8.7pt::31.85397pt.
[53


]
l2hSize :tex2html_wrap_indisplay3554:14.3001pt::14.3001pt::263.34286pt.
[54


]
l2hSize :tex2html_wrap_inline3556:10.01027pt::10.01027pt::33.10567pt.
[55


]
l2hSize :tex2html_wrap_inline3558:8.2pt::0.0pt::8.51245pt.
[56


]
l2hSize :tex2html_wrap_inline3567:8.19998pt::0.0pt::10.17325pt.
[57


]
l2hSize :tex2html_wrap_inline3569:8.7pt::8.7pt::35.37062pt.
[58


]
l2hSize :tex2html_wrap_inline3571:8.7pt::8.7pt::28.47064pt.
[59


]
l2hSize :tex2html_wrap_inline3573:8.2pt::0.0pt::13.3124pt.
[60


]
l2hSize :tex2html_wrap_inline3575:8.7pt::8.7pt::62.56754pt.
[61


]
l2hSize :tex2html_wrap_inline3594:9.5pt::9.5pt::33.05261pt.
[62


]
l2hSize :tex2html_wrap_inline3600:8.76666pt::8.76666pt::30.08878pt.
[63


]
l2hSize :tex2html_wrap_inline3604:8.83331pt::8.83331pt::57.1788pt.
[64


]
l2hSize :tex2html_wrap_inline3606:10.01027pt::10.01027pt::84.15231pt.
[65


]
l2hSize :tex2html_wrap_inline3610:9.51027pt::0.0pt::37.15123pt.
[66


]
l2hSize :tex2html_wrap_inline3612:10.01027pt::10.01027pt::110.99086pt.
[67


]
l2hSize :tex2html_wrap_inline3618:9.51027pt::0.0pt::14.00427pt.
[68


]
l2hSize :tex2html_wrap_inline3620:10.01027pt::10.01027pt::42.72906pt.
[69


]
l2hSize :tex2html_wrap_inline3622:8.7pt::8.7pt::59.63422pt.
[70


]
l2hSize :tex2html_wrap_inline3641:7.75pt::0.0pt::7.14996pt.
[71


]
l2hSize :tex2html_wrap_indisplay3645:9.5pt::9.5pt::82.12906pt.
[72


]
l2hSize :tex2html_wrap_inline3649:10.01027pt::10.01027pt::33.10567pt.
[73


]
l2hSize :tex2html_wrap_inline3653:9.5pt::9.5pt::69.28291pt.
[74


]
l2hSize :tex2html_wrap_indisplay3655:10.61026pt::10.61026pt::101.59026pt.
[75


]
l2hSize :tex2html_wrap_inline3663:9.5pt::9.5pt::59.28125pt.
[76


]
l2hSize :tex2html_wrap_inline3665:8.69998pt::8.69998pt::13.2193pt.
[77


]
l2hSize :tex2html_wrap_inline3667:9.5pt::9.5pt::35.19653pt.
[78


]
l2hSize :tex2html_wrap_inline3671:9.5pt::9.5pt::63.85023pt.
[79


]
l2hSize :tex2html_wrap_inline3677:9.5pt::9.5pt::96.47696pt.
[80


]
l2hSize :tex2html_wrap_inline3681:8.7pt::8.7pt::17.60619pt.
[81


]
l2hSize :tex2html_wrap_inline3685:8.76666pt::8.76666pt::28.1638pt.
[82


]
l2hSize :tex2html_wrap_inline3687:8.7pt::8.7pt::36.69412pt.
[83


]
l2hSize :tex2html_wrap_inline3689:9.5pt::9.5pt::53.44398pt.
[84


]
l2hSize :tex2html_wrap_inline3691:9.5pt::9.5pt::63.9002pt.
[85


]
l2hSize :tex2html_wrap_inline3693:8.25pt::8.25pt::7.6569pt.
[86


]
l2hSize :tex2html_wrap_indisplay3699:16.83347pt::16.83347pt::106.44287pt.
[87


]
l2hSize :tex2html_wrap_inline3703:10.01027pt::10.01027pt::55.23592pt.
[88


]
l2hSize :tex2html_wrap_indisplay3705:14.3001pt::14.3001pt::248.03438pt.
[89


]
l2hSize :tex2html_wrap_inline3726:8.25pt::8.25pt::12.08751pt.
[90


]
l2hSize :tex2html_wrap_inline3728:8.25pt::8.25pt::12.67178pt.
[91


]
l2hSize :tex2html_wrap_indisplay3749:17.90015pt::17.90015pt::419.68692pt.

Overfull \hbox (74.0719pt too wide) in paragraph at lines 751--752
[]|[] 
 []

[92


]
l2hSize :tex2html_wrap_inline3751:8.33331pt::0.0pt::7.35135pt.
[93


]
l2hSize :tex2html_wrap_inline3753:8.25pt::8.25pt::11.77968pt.
[94


]
l2hSize :tex2html_wrap_indisplay3757:17.90015pt::17.90015pt::262.5407pt.
[95


]
l2hSize :tex2html_wrap_inline3768:9.5pt::9.5pt::36.04219pt.
[96


]
l2hSize :tex2html_wrap_indisplay3772:9.5pt::9.5pt::63.85023pt.
[97


]
l2hSize :tex2html_wrap_inline3774:8.19998pt::0.0pt::10.16917pt.
[98


]
l2hSize :tex2html_wrap_inline3778:8.83331pt::8.83331pt::31.59958pt.
[99


]
l2hSize :tex2html_wrap_inline3780:8.76666pt::8.76666pt::54.21503pt.
[100


]
l2hSize :tex2html_wrap_inline3784:8.83331pt::8.83331pt::72.41945pt.
[101


]
l2hSize :tex2html_wrap_inline3786:9.5pt::9.5pt::26.41693pt.
[102


]
l2hSize :tex2html_wrap_inline3790:9.5pt::9.5pt::69.91245pt.
[103


]
l2hSize :tex2html_wrap_inline3792:9.5pt::9.5pt::49.89175pt.
[104


]
l2hSize :tex2html_wrap_inline3796:9.5pt::9.5pt::120.06853pt.
[105


]
l2hSize :tex2html_wrap_inline3806:10.16673pt::10.16673pt::79.33644pt.
[106


]
l2hSize :tex2html_wrap_indisplay3822:9.5pt::9.5pt::271.67583pt.
[107


]
l2hSize :tex2html_wrap_indisplay3824:9.5pt::9.5pt::264.61731pt.
[108


]
l2hSize :tex2html_wrap_inline3826:8.19998pt::0.0pt::7.6059pt.
[109


]
l2hSize :tex2html_wrap_inline3828:8.19998pt::0.0pt::10.75757pt.
[110


]
l2hSize :tex2html_wrap_inline3830:8.69998pt::8.69998pt::33.77586pt.
[111


]
l2hSize :tex2html_wrap_inline3836:8.83331pt::8.83331pt::31.90862pt.
[112


]
l2hSize :tex2html_wrap_inline3838:8.76666pt::8.76666pt::34.71515pt.
[113


]
l2hSize :tex2html_wrap_inline3840:10.01027pt::10.01027pt::62.45808pt.
[114


]
l2hSize :tex2html_wrap_indisplay3842:9.5pt::9.5pt::235.9055pt.
[115


]
l2hSize :tex2html_wrap_inline3844:9.5pt::9.5pt::49.24066pt.
[116


]
l2hSize :tex2html_wrap_inline3850:10.01027pt::10.01027pt::36.20682pt.
[117


]
l2hSize :tex2html_wrap_inline3852:8.76666pt::8.76666pt::52.39413pt.
[118


]
l2hSize :tex2html_wrap_inline3856:10.16673pt::10.16673pt::64.569pt.
[119


]
l2hSize :tex2html_wrap_indisplay3862:17.90013pt::17.90013pt::164.35521pt.
[120


]
l2hSize :tex2html_wrap_inline3870:8.25pt::8.25pt::28.3247pt.
[121


]
l2hSize :tex2html_wrap_inline3872:9.5pt::9.5pt::14.3236pt.
[122


]
l2hSize :tex2html_wrap_indisplay3878:17.90015pt::17.90015pt::495.67125pt.

Overfull \hbox (150.05623pt too wide) in paragraph at lines 952--953
[]|[] 
 []

[123


]
l2hSize :tex2html_wrap_inline3884:8.2pt::0.0pt::31.53606pt.
[124


]
l2hSize :tex2html_wrap_inline3893:8.7pt::8.7pt::14.60583pt.
[125


]
l2hSize :tex2html_wrap_inline3895:8.7pt::8.7pt::14.60583pt.
[126


]
l2hSize :tex2html_wrap_inline3897:8.83331pt::8.83331pt::68.09186pt.
[127


]
l2hSize :tex2html_wrap_inline3901:9.5pt::9.5pt::36.36539pt.
[128


]
l2hSize :tex2html_wrap_inline3905:8.83331pt::8.83331pt::7.5416pt.
[129


]
l2hSize :tex2html_wrap_inline3907:9.5pt::9.5pt::98.7271pt.
[130


]
l2hSize :tex2html_wrap_inline3909:8.7pt::8.7pt::39.414pt.
[131


]
l2hSize :tex2html_wrap_inline3911:9.5pt::9.5pt::115.83917pt.
[132


]
l2hSize :tex2html_wrap_inline3913:9.5pt::9.5pt::58.10135pt.
[133


]
l2hSize :tex2html_wrap_inline3915:7.75pt::0.0pt::27.32469pt.
[134


]
l2hSize :tex2html_wrap_inline3924:9.5pt::9.5pt::33.51845pt.
[135


]
l2hSize :tex2html_wrap_indisplay3942:17.90015pt::17.90015pt::171.91267pt.
[136


]
l2hSize :tex2html_wrap_inline3946:8.69998pt::8.69998pt::30.89264pt.
[137


]
l2hSize :tex2html_wrap_inline3948:8.7pt::8.7pt::31.20978pt.
[138


]
l2hSize :tex2html_wrap_indisplay3950:17.90015pt::17.90015pt::204.87862pt.
[139


]
l2hSize :tex2html_wrap_inline3954:8.2pt::0.0pt::10.11938pt.
[140


]
l2hSize :tex2html_wrap_inline3960:8.7pt::8.7pt::31.47339pt.
[141


]
l2hSize :tex2html_wrap_indisplay3968:17.90015pt::17.90015pt::190.4855pt.
[142


]
l2hSize :tex2html_wrap_inline3970:9.5pt::9.5pt::72.09123pt.
[143


]
l2hSize :tex2html_wrap_inline3974:8.2pt::0.0pt::30.71799pt.
[144


]
l2hSize :tex2html_wrap_inline3976:9.5pt::9.5pt::18.53456pt.
[145


]
l2hSize :tex2html_wrap_indisplay3989:9.5pt::9.5pt::57.74046pt.
[146


]
l2hSize :tex2html_wrap_inline3993:8.25pt::8.25pt::29.3372pt.
[147


]
l2hSize :tex2html_wrap_inline3997:9.5pt::9.5pt::57.74046pt.
[148


]
l2hSize :tex2html_wrap_inline4014:9.5pt::9.5pt::52.06212pt.
[149


]
l2hSize :displaymath4016:36.49997pt::0.0pt::349.0pt.
[150


]
l2hSize :tex2html_wrap_inline4018:8.83331pt::8.83331pt::9.3611pt.
[151


]
l2hSize :tex2html_wrap_inline4022:8.83331pt::8.83331pt::54.64546pt.
[152


]
l2hSize :tex2html_wrap_inline4028:7.75pt::0.0pt::4.83054pt.
[153


]
l2hSize :tex2html_wrap_inline4032:9.5pt::9.5pt::41.33723pt.
[154


]
l2hSize :tex2html_wrap_inline4034:9.5pt::9.5pt::139.64348pt.
[155


]
l2hSize :tex2html_wrap_inline4038:9.5pt::9.5pt::66.87926pt.
[156


]
l2hSize :tex2html_wrap_inline4044:7.75pt::0.0pt::8.13745pt.
[157


]
l2hSize :tex2html_wrap_inline4046:8.83331pt::8.83331pt::50.53427pt.
[158


]
l2hSize :tex2html_wrap_inline4050:8.2pt::0.0pt::15.06552pt.
[159


]
l2hSize :tex2html_wrap_indisplay4052:10.7434pt::10.7434pt::61.95952pt.
[160


]
l2hSize :tex2html_wrap_inline4075:9.5pt::9.5pt::14.0693pt.
[161


]
l2hSize :tex2html_wrap_inline4081:9.5pt::9.5pt::69.94641pt.
[162


]
l2hSize :tex2html_wrap_indisplay4085:10.61026pt::10.61026pt::165.03151pt.
[163


]
l2hSize :tex2html_wrap_inline4087:10.01027pt::10.01027pt::207.00623pt.
[164


]
l2hSize :tex2html_wrap_inline4091:9.5pt::9.5pt::23.17824pt.
[165


]
l2hSize :tex2html_wrap_indisplay4099:9.5pt::9.5pt::83.80324pt.
[166


]
l2hSize :tex2html_wrap_indisplay4114:9.5pt::9.5pt::77.3694pt.
[167


]
l2hSize :tex2html_wrap_indisplay4116:9.5pt::9.5pt::128.79283pt.
[168


]
l2hSize :tex2html_wrap_inline4120:8.7pt::8.7pt::33.14143pt.
[169


]
l2hSize :tex2html_wrap_inline4122:9.5pt::9.5pt::124.88861pt.
[170


]
l2hSize :tex2html_wrap_inline4124:9.5pt::9.5pt::145.10873pt.
[171


]
l2hSize :tex2html_wrap_inline4133:10.01027pt::10.01027pt::52.46246pt.
[172


]
l2hSize :tex2html_wrap_indisplay4137:16.83347pt::16.83347pt::129.91748pt.
[173


]
l2hSize :tex2html_wrap_inline4139:8.25pt::8.25pt::7.94858pt.
[174


]
l2hSize :tex2html_wrap_inline4141:9.5pt::9.5pt::99.24359pt.
[175


]
l2hSize :tex2html_wrap_indisplay4145:9.5pt::9.5pt::189.16962pt.
[176


]
l2hSize :tex2html_wrap_inline4147:9.5pt::9.5pt::21.7967pt.
[177


]
l2hSize :tex2html_wrap_indisplay4151:10.70007pt::10.70007pt::259.36273pt.
[178


]
l2hSize :tex2html_wrap_inline4157:8.7pt::8.7pt::29.95676pt.
[179


]
l2hSize :tex2html_wrap_inline4159:9.5pt::9.5pt::109.40611pt.
[180


]
l2hSize :tex2html_wrap_inline4161:9.5pt::9.5pt::106.09515pt.
[181


]
l2hSize :tex2html_wrap_inline4165:9.5pt::9.5pt::117.72005pt.
[182


]
l2hSize :tex2html_wrap_indisplay4167:16.83347pt::16.83347pt::184.93707pt.
[183


]
l2hSize :tex2html_wrap_inline4169:9.5pt::9.5pt::130.08722pt.
[184


]
l2hSize :tex2html_wrap_inline4175:9.5pt::9.5pt::35.8929pt.
[185


]
l2hSize :tex2html_wrap_inline4177:10.16673pt::10.16673pt::122.31854pt.
[186


]
l2hSize :tex2html_wrap_inline4179:9.5pt::9.5pt::57.7285pt.
[187


]
l2hSize :tex2html_wrap_inline4185:8.83331pt::8.83331pt::56.8035pt.
[188


]
l2hSize :tex2html_wrap_inline4187:7.75pt::0.0pt::6.58754pt.
[189


]
l2hSize :tex2html_wrap_indisplay4192:9.5pt::9.5pt::131.7548pt.
[190


]
l2hSize :tex2html_wrap_indisplay4194:8.25pt::8.25pt::9.72632pt.
[191


]
l2hSize :tex2html_wrap_indisplay4196:17.90015pt::17.90015pt::182.1364pt.
[192


]
l2hSize :tex2html_wrap_indisplay4198:8.25pt::8.25pt::9.92088pt.
[193


]
l2hSize :tex2html_wrap_indisplay4200:9.5pt::9.5pt::146.9373pt.
[194


]
l2hSize :tex2html_wrap_inline4202:9.5pt::9.5pt::28.66054pt.
[195


]
l2hSize :tex2html_wrap_inline4211:9.5pt::9.5pt::79.68785pt.
[196


]
l2hSize :tex2html_wrap_inline4217:9.5pt::9.5pt::53.3531pt.
[197


]
l2hSize :tex2html_wrap_inline4221:10.01027pt::10.01027pt::147.78299pt.
[198


]
l2hSize :tex2html_wrap_indisplay4223:16.83347pt::16.83347pt::210.60345pt.
[199


]
l2hSize :tex2html_wrap_inline4225:9.5pt::9.5pt::72.60014pt.
[200


]
l2hSize :tex2html_wrap_indisplay4227:9.5pt::9.5pt::126.66914pt.
[201


]
l2hSize :tex2html_wrap_indisplay4231:16.83347pt::16.83347pt::172.20828pt.
[202


]
l2hSize :tex2html_wrap_inline4235:9.5pt::9.5pt::50.69482pt.
[203


]
l2hSize :tex2html_wrap_indisplay4239:17.14433pt::17.14433pt::141.55173pt.
[204


]
l2hSize :tex2html_wrap_inline4241:9.5pt::9.5pt::32.98726pt.
[205


]
l2hSize :tex2html_wrap_indisplay4245:17.14433pt::17.14433pt::290.68765pt.
[206


]
l2hSize :tex2html_wrap_inline4247:8.2pt::0.0pt::9.62982pt.
[207


]
l2hSize :tex2html_wrap_inline4249:8.2pt::0.0pt::9.79301pt.
[208


]
l2hSize :tex2html_wrap_inline4251:8.7pt::8.7pt::9.89354pt.
[209


]
l2hSize :tex2html_wrap_indisplay4255:9.5pt::9.5pt::163.45958pt.
[210


]
l2hSize :tex2html_wrap_indisplay4258:16.83347pt::16.83347pt::85.96027pt.
[211


]
l2hSize :tex2html_wrap_indisplay4262:16.83347pt::16.83347pt::79.72557pt.
[212


]
l2hSize :tex2html_wrap_indisplay4266:16.83347pt::16.83347pt::176.58434pt.
[213


]
l2hSize :tex2html_wrap_inline4268:9.5pt::9.5pt::54.37315pt.
[214


]
l2hSize :tex2html_wrap_inline4272:8.2pt::0.0pt::10.04854pt.
[215


]
l2hSize :tex2html_wrap_inline4276:9.5pt::9.5pt::93.21597pt.
[216


]
l2hSize :tex2html_wrap_indisplay4280:8.25pt::8.25pt::31.78313pt.
[217


]
l2hSize :tex2html_wrap_indisplay4282:16.83347pt::16.83347pt::107.98492pt.
[218


]
l2hSize :tex2html_wrap_indisplay4284:9.5pt::9.5pt::70.72577pt.
[219


]
l2hSize :tex2html_wrap_inline4288:9.5pt::9.5pt::72.7918pt.
[220


]
l2hSize :tex2html_wrap_indisplay4292:10.61026pt::10.61026pt::184.37646pt.
[221


]
l2hSize :tex2html_wrap_indisplay4294:9.5pt::9.5pt::194.76248pt.
[222


]
l2hSize :tex2html_wrap_indisplay4297:9.5pt::9.5pt::30.46736pt.
[223


]
l2hSize :tex2html_wrap_indisplay4301:16.83347pt::16.83347pt::78.61949pt.
[224


]
l2hSize :tex2html_wrap_indisplay4305:16.83347pt::16.83347pt::115.48654pt.
[225


]
l2hSize :tex2html_wrap_indisplay4308:9.5pt::9.5pt::57.50186pt.
[226


]
l2hSize :tex2html_wrap_indisplay4312:16.83347pt::16.83347pt::92.27219pt.
[227


]
l2hSize :tex2html_wrap_indisplay4316:16.83347pt::16.83347pt::137.70926pt.
[228


]
l2hSize :tex2html_wrap_indisplay4320:16.83347pt::16.83347pt::151.56499pt.
[229


]
l2hSize :tex2html_wrap_indisplay4322:8.25pt::8.25pt::9.92088pt.
[230


]
l2hSize :tex2html_wrap_indisplay4324:16.83347pt::16.83347pt::189.43497pt.
[231


]
l2hSize :tex2html_wrap_indisplay4328:16.83347pt::16.83347pt::158.7704pt.
[232


]
l2hSize :tex2html_wrap_indisplay4332:16.83347pt::16.83347pt::156.77043pt.
[233


]
l2hSize :tex2html_wrap_indisplay4336:16.83347pt::16.83347pt::112.06248pt.
[234


]
l2hSize :tex2html_wrap_indisplay4340:16.35141pt::16.35141pt::55.72069pt.
[235


]
l2hSize :tex2html_wrap_indisplay4342:10.61026pt::10.61026pt::94.32199pt.
[236


]
l2hSize :tex2html_wrap_inline4344:8.25pt::8.25pt::27.01222pt.
[237


]
l2hSize :tex2html_wrap_inline4346:10.01027pt::10.01027pt::52.91942pt.
[238


]
l2hSize :tex2html_wrap_inline4348:11.83333pt::0.0pt::7.10136pt.
[239


]
l2hSize :tex2html_wrap_indisplay4352:9.5pt::9.5pt::82.50107pt.
[240


]
l2hSize :tex2html_wrap_indisplay4353:12.33333pt::12.33333pt::79.60779pt.
[241


]
l2hSize :tex2html_wrap_inline4355:10.16673pt::10.16673pt::143.82033pt.
[242


]
l2hSize :tex2html_wrap_inline4365:8.7pt::8.7pt::29.34314pt.
[243


]
l2hSize :tex2html_wrap_indisplay4367:16.83347pt::16.83347pt::90.21765pt.
[244


]
l2hSize :tex2html_wrap_indisplay4368:9.5pt::9.5pt::156.12009pt.
[245


]
l2hSize :tex2html_wrap_inline4370:10.01027pt::10.01027pt::47.59048pt.
[246


]
l2hSize :tex2html_wrap_inline4372:10.01027pt::10.01027pt::42.87646pt.
[247


]
l2hSize :tex2html_wrap_indisplay4374:9.5pt::9.5pt::219.829pt.
[248


]
l2hSize :tex2html_wrap_inline4380:9.5pt::9.5pt::74.6379pt.
[249


]
l2hSize :tex2html_wrap_indisplay4382:10.61026pt::10.61026pt::168.29974pt.
[250


]
l2hSize :tex2html_wrap_inline4384:9.5pt::9.5pt::67.67624pt.
[251


]
l2hSize :tex2html_wrap_inline4386:7.75pt::0.0pt::5.33192pt.
[252


]
l2hSize :tex2html_wrap_indisplay4388:10.61026pt::10.61026pt::290.30467pt.
[253


]
l2hSize :tex2html_wrap_inline4390:8.33331pt::0.0pt::7.10136pt.
[254


]
l2hSize :tex2html_wrap_inline4394:10.01027pt::10.01027pt::98.3264pt.
[255


]
l2hSize :tex2html_wrap_inline4397:10.01027pt::10.01027pt::33.80551pt.
[256


]
l2hSize :tex2html_wrap_indisplay4401:17.90013pt::17.90013pt::330.50632pt.
[257


]
l2hSize :tex2html_wrap_inline4403:9.5pt::9.5pt::90.63388pt.
[258


]
l2hSize :tex2html_wrap_inline4405:9.5pt::9.5pt::59.52055pt.
[259


]
l2hSize :tex2html_wrap_inline4415:9.5pt::9.5pt::92.33003pt.
[260


]
l2hSize :tex2html_wrap_inline4432:9.5pt::9.5pt::38.05557pt.
[261


]
l2hSize :tex2html_wrap_inline4440:9.5pt::9.5pt::31.55957pt.
[262


]
l2hSize :tex2html_wrap_inline4442:8.76666pt::8.76666pt::30.26793pt.
[263


]
l2hSize :tex2html_wrap_inline4444:10.01027pt::10.01027pt::61.73915pt.
[264


]
l2hSize :tex2html_wrap_indisplay4446:17.99998pt::17.99998pt::173.89117pt.
[265


]
l2hSize :tex2html_wrap_inline4448:10.01027pt::10.01027pt::52.56784pt.
[266


]
l2hSize :tex2html_wrap_indisplay4450:17.99998pt::17.99998pt::141.01575pt.
[267


]
l2hSize :tex2html_wrap_indisplay4452:20.1445pt::20.1445pt::189.87173pt.
[268


]
l2hSize :tex2html_wrap_inline4461:8.25pt::8.25pt::16.52266pt.
[269


]
l2hSize :tex2html_wrap_inline4467:8.2pt::0.0pt::11.24997pt.
[270


]
l2hSize :tex2html_wrap_inline4469:7.75pt::0.0pt::6.75551pt.
[271


]
l2hSize :tex2html_wrap_indisplay4475:22.16672pt::22.16672pt::167.04695pt.
[272


]
l2hSize :tex2html_wrap_inline4477:8.25pt::8.25pt::42.00305pt.
[273


]
l2hSize :tex2html_wrap_inline4479:7.75pt::0.0pt::6.46246pt.
[274


]
l2hSize :tex2html_wrap_inline4481:10.01027pt::10.01027pt::55.54495pt.
[275


]
l2hSize :tex2html_wrap_indisplay4483:22.16672pt::22.16672pt::143.38126pt.
[276


]
l2hSize :tex2html_wrap_inline4485:10.01027pt::10.01027pt::31.13744pt.
[277


]
l2hSize :tex2html_wrap_inline4487:9.5pt::9.5pt::59.79501pt.
[278


]
l2hSize :tex2html_wrap_inline4506:8.25pt::8.25pt::91.81345pt.
[279


]
l2hSize :tex2html_wrap_indisplay4510:22.16672pt::22.16672pt::189.87007pt.
[280


]
l2hSize :tex2html_wrap_inline4512:9.5pt::9.5pt::64.00307pt.
[281


]
l2hSize :tex2html_wrap_indisplay4520:20.1445pt::20.1445pt::133.29428pt.
[282


]
l2hSize :tex2html_wrap_inline4524:9.77785pt::9.77785pt::119.00775pt.
[283


]
l2hSize :tex2html_nomath_inline2759:8.33331pt::0.0pt::3.85138pt.
[284


]
l2hSize :tex2html_wrap_inline4526:8.25pt::8.25pt::10.39445pt.
[285


]
l2hSize :tex2html_wrap_inline4536:9.5pt::9.5pt::51.7274pt.
[286


]
l2hSize :tex2html_wrap_indisplay4538:20.1445pt::20.1445pt::129.18877pt.
[287


]
l2hSize :tex2html_wrap_inline4542:8.25pt::8.25pt::6.81525pt.
[288


]
l2hSize :tex2html_wrap_inline4544:8.25pt::8.25pt::29.68999pt.
[289


]
l2hSize :tex2html_wrap_indisplay4548:9.5pt::9.5pt::86.4965pt.
[290


]
l2hSize :tex2html_wrap_indisplay4558:20.1445pt::20.1445pt::201.98169pt.
[291


]
l2hSize :tex2html_wrap_indisplay4562:20.1445pt::20.1445pt::201.14003pt.
[292


]
l2hSize :tex2html_wrap_inline4596:7.75pt::0.0pt::6.12221pt.
[293


]
l2hSize :tex2html_wrap_inline4598:10.01027pt::10.01027pt::122.37439pt.
[294


]
l2hSize :tex2html_wrap_inline4604:10.01027pt::10.01027pt::52.96802pt.
[295


]
l2hSize :tex2html_wrap_inline4606:8.83331pt::8.83331pt::57.99017pt.
[296


]
l2hSize :tex2html_wrap_inline4608:8.83331pt::8.83331pt::8.65688pt.
[297


]
l2hSize :tex2html_wrap_indisplay4616:9.5pt::9.5pt::124.09251pt.
[298


]
l2hSize :tex2html_wrap_inline4618:9.5pt::9.5pt::53.35129pt.
[299


]
l2hSize :tex2html_wrap_inline4620:8.7pt::8.7pt::34.66394pt.
[300


]
l2hSize :tex2html_wrap_inline4630:10.01027pt::10.01027pt::116.55489pt.
[301


]
l2hSize :tex2html_wrap_inline4632:10.01027pt::10.01027pt::116.04794pt.
[302


]
l2hSize :tex2html_wrap_inline4634:8.25pt::8.25pt::14.51102pt.
[303


]
l2hSize :tex2html_wrap_inline4636:9.5pt::9.5pt::143.72792pt.
[304


]
l2hSize :tex2html_wrap_inline4638:10.01027pt::10.01027pt::83.85927pt.
[305


]
l2hSize :tex2html_wrap_indisplay4644:20.1445pt::20.1445pt::131.12068pt.
[306


]
l2hSize :tex2html_wrap_inline4648:10.01027pt::10.01027pt::52.87688pt.
[307


]
l2hSize :tex2html_wrap_inline4650:13.17781pt::13.17781pt::128.3337pt.
[308


]
l2hSize :tex2html_wrap_inline4656:8.76666pt::8.76666pt::29.45547pt.
[309


]
l2hSize :tex2html_wrap_inline4658:13.17781pt::13.17781pt::65.23291pt.
[310


]
l2hSize :tex2html_wrap_inline4660:10.42784pt::10.42784pt::74.40422pt.
[311


]
l2hSize :tex2html_wrap_inline4662:8.83331pt::8.83331pt::31.87631pt.
[312


]
l2hSize :tex2html_wrap_inline4664:8.25pt::8.25pt::41.04762pt.
[313


]
l2hSize :tex2html_wrap_inline4666:10.01027pt::10.01027pt::76.10007pt.
[314


]
l2hSize :tex2html_wrap_inline4687:8.7pt::8.7pt::41.02274pt.
[315


]
l2hSize :tex2html_wrap_inline4699:8.83331pt::8.83331pt::66.05812pt.
[316


]
l2hSize :tex2html_wrap_inline4703:8.26666pt::0.0pt::8.58754pt.
[317


]
l2hSize :tex2html_wrap_inline4705:8.76666pt::8.76666pt::56.32777pt.
[318


]
l2hSize :tex2html_wrap_inline4707:8.76666pt::8.76666pt::31.25417pt.
[319


]
l2hSize :tex2html_wrap_inline4709:8.25pt::8.25pt::12.40697pt.
[320


]
l2hSize :tex2html_wrap_inline4711:9.5pt::9.5pt::81.51385pt.
[321


]
l2hSize :tex2html_wrap_inline4713:10.1434pt::10.1434pt::32.64268pt.
[322


]
l2hSize :tex2html_wrap_inline4715:9.5pt::9.5pt::89.93408pt.
[323


]
l2hSize :tex2html_wrap_inline4723:8.19998pt::0.0pt::9.9209pt.
[324


]
l2hSize :tex2html_wrap_indisplay4731:8.7pt::8.7pt::78.63861pt.
[325


]
l2hSize :tex2html_wrap_inline4750:8.69998pt::8.69998pt::16.99028pt.
[326


]
l2hSize :tex2html_wrap_inline4754:10.01027pt::10.01027pt::54.52898pt.
[327


]
l2hSize :tex2html_wrap_inline4756:9.5pt::9.5pt::60.46143pt.
[328


]
l2hSize :tex2html_wrap_indisplay4758:16.83347pt::16.83347pt::88.4764pt.
[329


]
l2hSize :tex2html_wrap_indisplay4764:16.83347pt::16.83347pt::146.05077pt.
[330


]
l2hSize :tex2html_wrap_inline4766:7.75pt::0.0pt::28.83026pt.
[331


]
l2hSize :tex2html_wrap_indisplay4770:16.83347pt::16.83347pt::288.33809pt.
[332


]
l2hSize :tex2html_wrap_inline4787:7.75pt::0.0pt::7.69649pt.
[333


]
l2hSize :tex2html_wrap_inline4791:8.7pt::8.7pt::18.15271pt.
[334


]
l2hSize :tex2html_wrap_inline4801:9.5pt::9.5pt::53.99051pt.
[335


]
l2hSize :tex2html_wrap_inline4803:9.5pt::9.5pt::73.58553pt.
[336


]
l2hSize :tex2html_wrap_inline4826:8.83333pt::8.83333pt::30.7658pt.
[337


]
l2hSize :tex2html_wrap_inline4828:8.83333pt::8.83333pt::47.80312pt.
[338


]
l2hSize :tex2html_wrap_inline4830:8.25pt::8.25pt::39.71002pt.
[339


]
l2hSize :tex2html_wrap_inline4832:8.7pt::8.7pt::59.35843pt.
[340


]
l2hSize :tex2html_wrap_inline4838:9.5pt::9.5pt::109.69376pt.
[341


]
l2hSize :tex2html_wrap_inline4840:9.5pt::9.5pt::109.88832pt.
[342


]
l2hSize :tex2html_wrap_inline4844:8.25pt::8.25pt::61.5732pt.
[343


]
l2hSize :tex2html_wrap_inline4846:8.7pt::8.7pt::61.4974pt.
[344


]
l2hSize :tex2html_wrap_inline4848:8.83333pt::8.83333pt::52.55318pt.
[345


]
l2hSize :tex2html_wrap_inline4850:8.83333pt::8.83333pt::57.26366pt.
[346


]
l2hSize :tex2html_wrap_inline4852:8.83333pt::8.83333pt::40.22633pt.
[347


]
l2hSize :tex2html_wrap_inline4854:8.25pt::8.25pt::76.47362pt.
[348


]
l2hSize :tex2html_wrap_inline4858:8.83333pt::8.83333pt::35.51585pt.
[349


]
l2hSize :tex2html_wrap_inline4860:8.25pt::8.25pt::34.08727pt.
[350


]
l2hSize :tex2html_wrap_inline4862:8.7pt::8.7pt::92.89081pt.
[351


]
l2hSize :tex2html_wrap_inline4879:8.25pt::8.25pt::61.51855pt.
[352


]
l2hSize :tex2html_wrap_inline4895:9.5pt::9.5pt::53.43442pt.
[353


]
l2hSize :tex2html_wrap_inline4908:8.7pt::8.7pt::13.82361pt.
[354


]
l2hSize :tex2html_wrap_inline4912:8.7pt::8.7pt::13.82361pt.
[355


]
l2hSize :tex2html_wrap_inline4916:8.7pt::8.7pt::66.01768pt.
[356


]
l2hSize :tex2html_wrap_inline4918:8.76666pt::8.76666pt::32.58751pt.
[357


]
l2hSize :tex2html_wrap_inline4920:9.5pt::9.5pt::81.98991pt.
[358


]
l2hSize :tex2html_wrap_inline4925:9.5pt::9.5pt::80.20793pt.
[359


]
l2hSize :tex2html_wrap_inline4932:8.25pt::8.25pt::11.14308pt.
[360


]
l2hSize :tex2html_wrap_indisplay4936:16.83347pt::16.83347pt::126.3257pt.
[361


]
l2hSize :tex2html_wrap_inline4938:8.25pt::8.25pt::58.73305pt.
[362


]
l2hSize :tex2html_wrap_inline4940:8.83331pt::8.83331pt::57.37122pt.
[363


]
l2hSize :tex2html_wrap_inline4942:8.83331pt::8.83331pt::50.49333pt.
[364


]
l2hSize :tex2html_wrap_inline4946:9.5pt::9.5pt::118.75783pt.
[365


]
l2hSize :tex2html_wrap_inline4950:8.33331pt::0.0pt::6.38954pt.
[366


]
l2hSize :tex2html_wrap_inline4960:8.83331pt::8.83331pt::15.7229pt.
[367


]
l2hSize :tex2html_wrap_indisplay4962:18.82236pt::18.82236pt::211.97113pt.
[368


]
l2hSize :tex2html_wrap_indisplay4966:20.1445pt::20.1445pt::153.40054pt.
[369


]
l2hSize :tex2html_wrap_inline4968:9.5pt::9.5pt::39.58963pt.
[370


]
l2hSize :tex2html_wrap_indisplay4970:18.785pt::18.785pt::155.62093pt.
[371


]
l2hSize :tex2html_wrap_indisplay4972:16.35141pt::16.35141pt::277.90178pt.
[372


]
l2hSize :tex2html_wrap_inline4983:8.2pt::0.0pt::13.20828pt.
[373


]
l2hSize :tex2html_wrap_inline4989:8.83331pt::8.83331pt::27.50328pt.
[374


]
l2hSize :tex2html_wrap_indisplay4993:22.16672pt::22.16672pt::139.46681pt.
[375


]
l2hSize :tex2html_wrap_indisplay4999:22.16672pt::22.16672pt::124.70544pt.
[376


]
l2hSize :tex2html_wrap_indisplay5004:22.16672pt::22.16672pt::56.31976pt.
[377


]
l2hSize :tex2html_wrap_indisplay5008:22.16672pt::22.16672pt::268.87868pt.
[378


]
l2hSize :tex2html_wrap_indisplay5012:22.16672pt::22.16672pt::269.68613pt.
[379


]
l2hSize :tex2html_wrap_indisplay5014:8.25pt::8.25pt::9.72632pt.
[380


]
l2hSize :tex2html_wrap_indisplay5016:22.16672pt::22.16672pt::331.5416pt.
[381


]
l2hSize :tex2html_wrap_indisplay5020:9.5pt::9.5pt::169.5169pt.
[382


]
l2hSize :tex2html_wrap_inline5026:9.5pt::9.5pt::96.12965pt.
[383


]
l2hSize :tex2html_wrap_inline5028:8.36708pt::8.36708pt::61.22029pt.
[384


]
l2hSize :tex2html_wrap_indisplay5030:14.30011pt::14.30011pt::51.0546pt.
[385


]
l2hSize :tex2html_wrap_indisplay5032:16.83347pt::16.83347pt::198.46054pt.
[386


]
l2hSize :tex2html_wrap_inline5038:8.2pt::0.0pt::31.07607pt.
[387


]
l2hSize :tex2html_wrap_inline5040:8.7pt::8.7pt::14.98257pt.
[388


]
l2hSize :tex2html_wrap_indisplay5042:22.16672pt::22.16672pt::191.58089pt.
[389


]
l2hSize :tex2html_wrap_inline5044:8.7pt::8.7pt::19.1375pt.
[390


]
l2hSize :tex2html_wrap_inline5048:9.82137pt::0.0pt::14.56116pt.
[391


]
l2hSize :tex2html_wrap_indisplay5050:17.99998pt::17.99998pt::185.83937pt.
[392


]
l2hSize :tex2html_wrap_inline5052:8.7pt::8.7pt::13.09492pt.
[393


]
l2hSize :tex2html_wrap_inline5056:8.83331pt::8.83331pt::37.54362pt.
[394


]
l2hSize :tex2html_wrap_inline5060:9.5pt::9.5pt::52.90558pt.
[395


]
l2hSize :tex2html_wrap_inline5062:8.25pt::8.25pt::56.35951pt.
[396


]
l2hSize :tex2html_wrap_inline5064:9.5pt::9.5pt::60.17062pt.
[397


]
l2hSize :tex2html_wrap_indisplay5066:22.16672pt::22.16672pt::149.27667pt.
[398


]
l2hSize :tex2html_wrap_inline5068:9.5pt::9.5pt::182.24464pt.
[399


]
l2hSize :tex2html_wrap_inline5070:8.25pt::8.25pt::15.45004pt.
[400


]
l2hSize :tex2html_wrap_inline5072:8.7pt::8.7pt::33.12483pt.
[401


]
l2hSize :tex2html_wrap_inline5074:9.5pt::9.5pt::88.18008pt.
[402


]
l2hSize :tex2html_wrap_inline5076:10.38034pt::10.38034pt::41.66805pt.
[403


]
l2hSize :tex2html_wrap_inline5080:9.5pt::9.5pt::128.26651pt.
[404


]
l2hSize :tex2html_wrap_inline5083:9.91026pt::0.0pt::16.49359pt.
[405


] (images.aux) ) 
Here is how much of TeX's memory you used:
 1620 strings out of 10901
 17938 string characters out of 72379
 61693 words of memory out of 263001
 4571 multiletter control sequences out of 10000+0
 8294 words of font info for 32 fonts, out of 400000 for 1000
 14 hyphenation exceptions out of 1000
 27i,10n,24p,225b,227s stack positions out of 300i,100n,500p,50000b,4000s

Output written on images.dvi (405 pages, 98708 bytes).
