This is TeX, Version 3.14159 (Web2C 7.3.1) (format=latex 2002.12.8)  17 JAN 2003 22:19
**./images.tex
(./images.tex
LaTeX2e <1999/12/01> patch level 1
Babel <v3.6Z> and hyphenation patterns for american, french, german, ngerman, n
ohyphenation, loaded.

(/usr/local/share/texmf/tex/latex/base/article.cls
Document Class: article 1999/09/10 v1.4a Standard LaTeX document class
(/usr/local/share/texmf/tex/latex/base/size10.clo
File: size10.clo 1999/09/10 v1.4a Standard LaTeX file (size option)
)
\c@part=\count79
\c@section=\count80
\c@subsection=\count81
\c@subsubsection=\count82
\c@paragraph=\count83
\c@subparagraph=\count84
\c@figure=\count85
\c@table=\count86
\abovecaptionskip=\skip41
\belowcaptionskip=\skip42
\bibindent=\dimen102
) (/usr/local/share/texmf/tex/latex/base/ifthen.sty
Package: ifthen 1999/09/10 v1.1b Standard LaTeX ifthen package (DPC)
) (/usr/local/share/texmf/tex/latex/graphics/color.sty
Package: color 1999/02/16 v1.0i Standard LaTeX Color (DPC)
(/usr/local/share/texmf/tex/latex/config/color.cfg)
Package color Info: Driver file: dvips.def on input line 125.
(/usr/local/share/texmf/tex/latex/graphics/dvips.def
File: dvips.def 1999/02/16 v3.0i Driver-dependant file (DPC,SPQR)
) (/usr/local/share/texmf/tex/latex/graphics/dvipsnam.def
File: dvipsnam.def 1999/02/16 v3.0i Driver-dependant file (DPC,SPQR)
)) (/usr/local/share/texmf/tex/latex/base/inputenc.sty
Package: inputenc 1999/09/17 v0.992 Input encoding file 
(/usr/local/share/texmf/tex/latex/base/latin1.def
File: latin1.def 1999/09/17 v0.992 Input encoding file 
))
\sizebox=\box26
\lthtmlwrite=\write3
(images.aux)
\openout1 = `images.aux'.

LaTeX Font Info:    Checking defaults for OML/cmm/m/it on input line 121.
LaTeX Font Info:    ... okay on input line 121.
LaTeX Font Info:    Checking defaults for T1/cmr/m/n on input line 121.
LaTeX Font Info:    ... okay on input line 121.
LaTeX Font Info:    Checking defaults for OT1/cmr/m/n on input line 121.
LaTeX Font Info:    ... okay on input line 121.
LaTeX Font Info:    Checking defaults for OMS/cmsy/m/n on input line 121.
LaTeX Font Info:    ... okay on input line 121.
LaTeX Font Info:    Checking defaults for OMX/cmex/m/n on input line 121.
LaTeX Font Info:    ... okay on input line 121.
LaTeX Font Info:    Checking defaults for U/cmr/m/n on input line 121.
LaTeX Font Info:    ... okay on input line 121.

latex2htmlLength hsize=349.0pt

latex2htmlLength vsize=633.0pt

latex2htmlLength hoffset=0.0pt

latex2htmlLength voffset=0.0pt

latex2htmlLength topmargin=0.0pt

latex2htmlLength topskip=0.00003pt

latex2htmlLength headheight=0.0pt

latex2htmlLength headsep=0.0pt

latex2htmlLength parskip=0.0pt plus 1.0pt

latex2htmlLength oddsidemargin=0.0pt

latex2htmlLength evensidemargin=0.0pt

LaTeX Font Info:    External font `cmex10' loaded for size
(Font)              <7> on input line 145.
LaTeX Font Info:    External font `cmex10' loaded for size
(Font)              <5> on input line 145.
l2hSize :tex2html_wrap_inline127:8.0pt::8.0pt::25.34865pt.
[1



]
l2hSize :tex2html_wrap_inline129:10.86763pt::10.86763pt::12.12982pt.
[2


]
l2hSize :tex2html_wrap_inline131:8.91226pt::8.91226pt::11.95607pt.
[3


]
l2hSize :tex2html_wrap_inline133:6.95831pt::6.95831pt::5.53128pt.
[4


]
l2hSize :tex2html_wrap_inline135:7.33331pt::7.33331pt::11.92795pt.
[5


]
l2hSize :tex2html_wrap_inline137:8.0pt::8.0pt::22.72227pt.
[6


]
l2hSize :tex2html_wrap_inline139:8.14003pt::0.0pt::14.11113pt.
[7


]
l2hSize :tex2html_wrap_inline141:7.44444pt::7.44444pt::12.33687pt.
[8


]
l2hSize :tex2html_wrap_inline143:8.81667pt::8.81667pt::12.33687pt.
[9


] (images.aux) ) 
Here is how much of TeX's memory you used:
 599 strings out of 10901
 7451 string characters out of 72380
 49119 words of memory out of 263001
 3589 multiletter control sequences out of 10000+0
 3640 words of font info for 14 fonts, out of 400000 for 1000
 14 hyphenation exceptions out of 1000
 23i,5n,19p,162b,219s stack positions out of 300i,100n,500p,50000b,4000s

Output written on images.dvi (9 pages, 2248 bytes).
