\BOOKMARK [1][-]{section.1}{Introduction}{}% 1
\BOOKMARK [2][-]{subsection.1.1}{History and Applications}{section.1}% 2
\BOOKMARK [3][-]{subsubsection.1.1.1}{The initial work}{subsection.1.1}% 3
\BOOKMARK [3][-]{subsubsection.1.1.2}{Applications and iterations}{subsection.1.1}% 4
\BOOKMARK [3][-]{subsubsection.1.1.3}{Contributions of the paper}{subsection.1.1}% 5
\BOOKMARK [2][-]{subsection.1.2}{Review \046 Definitions}{section.1}% 6
\BOOKMARK [3][-]{subsubsection.1.2.1}{Characteristic functions of games}{subsection.1.2}% 7
\BOOKMARK [3][-]{subsubsection.1.2.2}{Shapley's value and the Collaborative Game}{subsection.1.2}% 8
\BOOKMARK [3][-]{subsubsection.1.2.3}{Analysis background}{subsection.1.2}% 9
\BOOKMARK [3][-]{subsubsection.1.2.4}{Extreme Points}{subsection.1.2}% 10
\BOOKMARK [3][-]{subsubsection.1.2.5}{Metrizable topological vector spaces}{subsection.1.2}% 11
\BOOKMARK [3][-]{subsubsection.1.2.6}{The Krein-Milman Theorem}{subsection.1.2}% 12
\BOOKMARK [1][-]{section.2}{Allocations of Value}{}% 13
\BOOKMARK [2][-]{subsection.2.1}{An introduction to allocations}{section.2}% 14
\BOOKMARK [3][-]{subsubsection.2.1.1}{Efficiency in allocations}{subsection.2.1}% 15
\BOOKMARK [3][-]{subsubsection.2.1.2}{Reasonableness in allocations}{subsection.2.1}% 16
\BOOKMARK [2][-]{subsection.2.2}{Extreme points of the reasonable efficient allocations}{section.2}% 17
\BOOKMARK [3][-]{subsubsection.2.2.1}{Special allocations and sets}{subsection.2.2}% 18
\BOOKMARK [3][-]{subsubsection.2.2.2}{Structural constraints on reasonable efficient allocations}{subsection.2.2}% 19
\BOOKMARK [3][-]{subsubsection.2.2.3}{Truncations of characteristic functions}{subsection.2.2}% 20
\BOOKMARK [3][-]{subsubsection.2.2.4}{Extensions of characteristic functions}{subsection.2.2}% 21
\BOOKMARK [3][-]{subsubsection.2.2.5}{Pairing behavior in the rows of a reasonable allocation}{subsection.2.2}% 22
\BOOKMARK [3][-]{subsubsection.2.2.6}{Bounds on the matrix elements}{subsection.2.2}% 23
\BOOKMARK [2][-]{subsection.2.3}{Extreme points, and the reasonable efficient allocations}{section.2}% 24
\BOOKMARK [2][-]{subsection.2.4}{Reasonable efficient allocations and the convex hull of the special allocations}{section.2}% 25
\BOOKMARK [2][-]{subsection.2.5}{Consequences of the main result}{section.2}% 26
\BOOKMARK [1][-]{section.3}{Consequential Parallel Results}{}% 27
\BOOKMARK [2][-]{subsection.3.1}{Superadditivity as a replacement for monotonicity}{section.3}% 28
\BOOKMARK [2][-]{subsection.3.2}{Further exploration}{section.3}% 29
\BOOKMARK [2][-]{subsection.3.3}{Concluding remarks}{section.3}% 30
