This is pdfeTeX, Version 3.141592-1.21a-2.2 (Web2C 7.5.4) (format=pdftex 2012.11.5)  26 NOV 2014 16:55
entering extended mode
**wholethesis
(./wholethesis.tex [1{/usr/share/texmf-var/fonts/map/pdftex/updmap/pdftex.map}]
[2] Acknowledgements  Statement of Originality  [3]
The Cotype of Operators from $C(K)$  Contents  [1] Introduction 
The Structure of the Thesis  [2] Part 1 --- Introducing the Problems 
Contents  [3] Introduction to Part 1  [4] Chapter 1A --- Preliminaries 
1) Basic Notation  1.1) Constants and the Letter `$c$' 
1.2) Notation involving Integers 
1.3) Notation involving Real and Complex Numbers  [5] [6]
1.4) Notation involving Sets and Functions 
1.5) Notation involving Probability  [7] [8]
2) Notation involving Quasi-Banach Spaces 
2.1) The $C(K)$, $L_\infty $\ and $l_\infty $\ Spaces 
2.2) The $L_p$\ and $l_p$\ Spaces  [9] 2.3) Orlicz Spaces  [10]
2.4) Lorentz Spaces  [11] [12] 2.5) Interpolation Norms  [13]
2.6) Spanning Points of $C(K,l_1)$  [14] [15] 3) Notation involving Ideals 
3.1) Operators that Factor through Hilbert Space 
3.2) The $(p,q)$-Summing Operators  3.3) Type and Cotype of Operators  [16]
3.4) The $(\Phi ,\Psi )$-Summing Operators  [17]
Chapter 1B --- Properties of $(p,q)$-Summing Operators from $C(K)$ 
1) The $p$-Summing Operators  [18]
2) The $(p,q)$-Summing Operators, with $p>q$  [19] [20]
3) A Finite Dimensional Version of Pisier's Result  [21]
Chapter 1C --- Random Walks and Cotype  1) Random Walks in Banach Spaces 
1.1) Scalar Valued Random Walks  1.2) Banach Space Valued Random Walks 
[22] [23] [24] 1.3) Random Walks in $l_\infty ^N$  [25]
2) Type and Cotype of Operators and Banach Spaces  2.1) Kwapien's Result 
2.2) Grothendieck's Theorem  [26]
2.3) Cotype $p$\ of Operators from $C(K)$\ for $p>2$ 
3) The Problem of Cotype $2$  [27] [28] [29] [30]
4) Comparison of Gaussian and Rademacher Cotype 
4.1) Comparison of Gaussian and Bernoulli Random Walks  [31]
4.2) Comparison of Rademacher and Gaussian Cotype  [32] 5) The Solutions 
5.1) The Problem of Cotype $2$ 
5.2) Comparison of Rademacher and Gaussian Cotype  [33]
Chapter 1D --- Miscellaneous Results 
1) The $p^{1\over p}$\ in Pisier's Result  [34] [35] [36]
2) The Space $L_{2,1}$\ is not $(2,1)$-Summing  [37]
3) A Proof of Grothendieck's Theorem via Pisier's Result  [38] [39]
4) The $(\Phi ,1)$-Summing Norm  [40] [41] [42]
Part 2 --- Lower Bounds for Random Walks in $l_\infty ^N$  Contents  [43]
Introduction to Part 2  [44]
Chapter 2A --- The Problem of Rademacher Cotype $2$ 
Outline of the Proof of Theorem 0.3  1) Notation  [45]
2) Reducing to Independent Processes  [46] [47] [48] [49]
3) Independent Gaussian Processes  [50] [51]
4) The Averaging Argument in the Gaussian Case  4.1) The Cyclic Case  [52]
4.2) The $L_2$\ Averaging Argument  [53] 4.3) The Duality Argument  [54]
[55] [56] [57] [58] 5) Independent Bernoulli Processes 
5.1) The Tail of the Distribution of a Bernoulli Random Walk  [59]
5.2) Suprema of Independent Bernoulli Processes  [60] [61]
6) The Averaging Argument in the Bernoulli Case  [62]
6.1) The Proof of Proposition 6.3  [63] [64] [65] [66] [67] [68] [69] [70]
[71] [72] [73] Chapter 2B --- A Discussion of the Methods of Chapter 2A 
1) The Reduction to Independent Processes  1.1) The Cyclic Case  [74] [75]
1.2) Lack of Unconditionality of Processes  [76]
2) The Averaging Arguments of Sections 4 and 6  [77]
3) Cotype $2$\ Constants of Other Operators from $l_\infty ^N$  [78]
Chapter 2C --- Applications of Talagrand's Theorem 
1) The Gaussian Cotype $2$\ Constant of $l_\infty ^N \lhook \mathrel {\mkern -3
mu}\rightarrow {L_{T^2\mathop {\fam \z@ \tenrm lm}\nolimits T,2}^N}$  [79]
[80] [81]
2) The Gaussian Cotype $2$\ Constant of $l_\infty ^N \lhook \mathrel {\mkern -3
mu}\rightarrow L^N_{2,1}$  [82] [83] [84] [85] [86] [87]
Chapter 2D --- Comparison of Gaussian and Rademacher Cotype  [88] [89]
Part 3 --- Generalized Lorentz Spaces  Contents  [90] Introduction to Part 3 
[91] Chapter 3A --- Definitions and Elementary Properties 
1) Rearrangement Invariant Spaces  1.1) Quasi-Norms  [92] [93]
1.2) Dilatory Factors  [94] [95] [96] 2) Admissible Functions 
2.1) Quasi-Orlicz Functions  [97]
2.2) Admissible Functions that Satisfy the $\Delta _2$-Condition  [98]
2.3) Families of Admissible Functions  [99]
3) Functions from Spaces and Spaces from Functions 
3.1) The Fundamental Function  3.2) The Orlicz Functional  [100]
3.3) The Weak Orlicz Functional  3.4) Families of Admissible Functions. 
[101] [102] 4) Un-$L_\infty $\ and Normal Spaces and Functions  [103]
5) Generalized Lorentz Spaces  [104] [105] Chapter 3B --- Inequalities 
1) H{\accent "7F o}lder's Inequality Generalized 
1.1) Complementary Functions and Dual Spaces 
1.2) H{\accent "7F o}lder's Inequality Generalized  [106]
1.3) Families of Admissible Functions  [107]
2) The Second Index of Generalized Lorentz Functions 
2.1) Inequalities Between $L_{F,G_1}$\ and $L_{F,G_2}$  [108] [109]
2.2) Inequalities Between $L_{F,G}$\ and $L_{F,\infty }$ 
2.3) Applications of these Inequalities  [110] [111]
3) A Result about Orlicz Spaces  [112]
Chapter 3C --- Boyd Indices of Generalized Lorentz Spaces  1) Introduction 
[113] [114] 2) The Boyd Indices of $L_{1,G}$ 
2.1) Equivalent Quantities Describing the Boyd Indices  [115] [116] [117]
[118] References 
Underfull \vbox (badness 10000) has occurred while \output is active
\vbox(643.20255+4.0)x469.75499, glue set 11.85127
.\glue(\topskip) 3.05556
.\hbox(6.94444+0.0)x469.75499, glue set 411.92749fil
..\tenbf R
..\tenbf e
..\tenbf f
..\tenbf e
..\tenbf r
..etc.
.\penalty 10000
.\glue 3.0 plus 1.0 minus 1.0
.\glue(\parskip) 0.0 plus 1.0
.etc.

 [119]
[120] )</usr/share/texmf/fonts/type1/bluesky/cm/cmsy5.pfb></usr/share/texmf/fon
ts/type1/bluesky/cm/cmbx7.pfb></usr/share/texmf/fonts/type1/bluesky/cm/cmex10.p
fb></usr/share/texmf/fonts/type1/bluesky/cm/cmmi5.pfb></usr/share/texmf/fonts/t
ype1/bluesky/cm/cmr5.pfb></usr/share/texmf/fonts/type1/bluesky/cm/cmsy10.pfb></
usr/share/texmf/fonts/type1/bluesky/cm/cmsy7.pfb></usr/share/texmf/fonts/type1/
bluesky/cm/cmmi7.pfb></usr/share/texmf/fonts/type1/bluesky/cm/cmmi10.pfb></usr/
share/texmf/fonts/type1/bluesky/cm/cmbx10.pfb></usr/share/texmf/fonts/type1/blu
esky/cm/cmsl10.pfb></usr/share/texmf/fonts/type1/bluesky/cm/cmr7.pfb></usr/shar
e/texmf/fonts/type1/bluesky/cm/cmti10.pfb></usr/share/texmf/fonts/type1/bluesky
/cm/cmr10.pfb>
Output written on wholethesis.pdf (123 pages, 643556 bytes).
